#
# There is insufficient memory for the Java Runtime Environment to continue.
# Native memory allocation (malloc) failed to allocate 817376 bytes for Chunk::new
# Possible reasons:
#   The system is out of physical RAM or swap space
#   In 32 bit mode, the process size limit was hit
# Possible solutions:
#   Reduce memory load on the system
#   Increase physical memory or swap space
#   Check if swap backing store is full
#   Use 64 bit Java on a 64 bit OS
#   Decrease Java heap size (-Xmx/-Xms)
#   Decrease number of Java threads
#   Decrease Java thread stack sizes (-Xss)
#   Set larger code cache with -XX:ReservedCodeCacheSize=
# This output file may be truncated or incomplete.
#
#  Out of Memory Error (allocation.cpp:323), pid=15392, tid=12344
#
# JRE version: Java(TM) SE Runtime Environment (7.0_80-b15) (build 1.7.0_80-b15)
# Java VM: Java HotSpot(TM) 64-Bit Server VM (24.80-b11 mixed mode windows-amd64 compressed oops)
# Failed to write core dump. Minidumps are not enabled by default on client versions of Windows
#

---------------  T H R E A D  ---------------

Current thread (0x000000000807e000):  JavaThread "C2 CompilerThread0" daemon [_thread_in_native, id=12344, stack(0x00000000095e0000,0x00000000096e0000)]

Stack: [0x00000000095e0000,0x00000000096e0000]

Current CompileTask:
C2:  10626  324   !         com.android.dx.cf.code.Ropper::processBlock (1101 bytes)


---------------  P R O C E S S  ---------------

Java Threads: ( => current thread )
  0x0000000009bbd000 JavaThread "pool-2-thread-4" [_thread_blocked, id=15480, stack(0x000000000a1e0000,0x000000000a2e0000)]
  0x0000000009aff800 JavaThread "pool-2-thread-3" [_thread_in_Java, id=5716, stack(0x000000000a0e0000,0x000000000a1e0000)]
  0x0000000009afe800 JavaThread "pool-2-thread-2" [_thread_blocked, id=10524, stack(0x0000000009fe0000,0x000000000a0e0000)]
  0x0000000009afe000 JavaThread "pool-3-thread-1" [_thread_blocked, id=13444, stack(0x0000000009ee0000,0x0000000009fe0000)]
  0x0000000009ac6800 JavaThread "pool-2-thread-1" [_thread_in_Java, id=10328, stack(0x0000000009de0000,0x0000000009ee0000)]
  0x000000000808c800 JavaThread "Service Thread" daemon [_thread_blocked, id=10352, stack(0x00000000097e0000,0x00000000098e0000)]
  0x0000000008089800 JavaThread "C2 CompilerThread1" daemon [_thread_in_native, id=16312, stack(0x00000000096e0000,0x00000000097e0000)]
=>0x000000000807e000 JavaThread "C2 CompilerThread0" daemon [_thread_in_native, id=12344, stack(0x00000000095e0000,0x00000000096e0000)]
  0x000000000807d000 JavaThread "Attach Listener" daemon [_thread_blocked, id=3640, stack(0x00000000094e0000,0x00000000095e0000)]
  0x000000000807a800 JavaThread "Signal Dispatcher" daemon [_thread_blocked, id=10476, stack(0x00000000093e0000,0x00000000094e0000)]
  0x000000000803a000 JavaThread "Finalizer" daemon [_thread_blocked, id=11160, stack(0x00000000092e0000,0x00000000093e0000)]
  0x0000000008037000 JavaThread "Reference Handler" daemon [_thread_blocked, id=4948, stack(0x00000000091e0000,0x00000000092e0000)]
  0x00000000021a2800 JavaThread "main" [_thread_in_Java, id=10444, stack(0x0000000001eb0000,0x0000000001fb0000)]

Other Threads:
  0x0000000008033000 VMThread [stack: 0x00000000090e0000,0x00000000091e0000] [id=15588]
  0x000000000809a800 WatcherThread [stack: 0x00000000098e0000,0x00000000099e0000] [id=15424]

VM state:not at safepoint (normal execution)

VM Mutex/Monitor currently owned by a thread: None

Heap
 PSYoungGen      total 38400K, used 28278K [0x00000000eaa80000, 0x00000000ed500000, 0x0000000100000000)
  eden space 33280K, 69% used [0x00000000eaa80000,0x00000000ec124750,0x00000000ecb00000)
  from space 5120K, 99% used [0x00000000ecb00000,0x00000000ecff9188,0x00000000ed000000)
  to   space 5120K, 0% used [0x00000000ed000000,0x00000000ed000000,0x00000000ed500000)
 ParOldGen       total 86016K, used 764K [0x00000000c0000000, 0x00000000c5400000, 0x00000000eaa80000)
  object space 86016K, 0% used [0x00000000c0000000,0x00000000c00bf358,0x00000000c5400000)
 PSPermGen       total 21504K, used 5884K [0x00000000bae00000, 0x00000000bc300000, 0x00000000c0000000)
  object space 21504K, 27% used [0x00000000bae00000,0x00000000bb3bf3c0,0x00000000bc300000)

Card table byte_map: [0x00000000052a0000,0x00000000054d0000] byte_map_base: 0x0000000004cc9000

Polling page: 0x00000000001f0000

Code Cache  [0x00000000022a0000, 0x0000000002510000, 0x00000000052a0000)
 total_blobs=567 nmethods=330 adapters=189 free_code_cache=47883Kb largest_free_block=48985664

Compilation events (10 events):
Event: 10.536 Thread 0x000000000807e000 nmethod 319 0x00000000023cf610 code [0x00000000023cf760, 0x00000000023cfb38]
Event: 10.536 Thread 0x000000000807e000  320             com.android.dx.rop.cst.Constant::<init> (5 bytes)
Event: 10.536 Thread 0x000000000807e000 nmethod 320 0x00000000023b1910 code [0x00000000023b1a40, 0x00000000023b1a98]
Event: 10.536 Thread 0x000000000807e000  321   !         com.android.dx.rop.cst.StdConstantPool::get (24 bytes)
Event: 10.537 Thread 0x000000000807e000 nmethod 321 0x00000000023d1790 code [0x00000000023d18c0, 0x00000000023d1958]
Event: 10.537 Thread 0x000000000807e000  322             com.android.dx.rop.cst.CstString::getString (5 bytes)
Event: 10.537 Thread 0x000000000807e000 nmethod 322 0x00000000023d1590 code [0x00000000023d16c0, 0x00000000023d1718]
Event: 10.537 Thread 0x000000000807e000  323             com.android.dx.rop.code.LocalItem::compareHandlesNulls (25 bytes)
Event: 10.538 Thread 0x000000000807e000 nmethod 323 0x00000000023d11d0 code [0x00000000023d1300, 0x00000000023d1458]
Event: 10.538 Thread 0x000000000807e000  324   !         com.android.dx.cf.code.Ropper::processBlock (1101 bytes)

GC Heap History (2 events):
Event: 9.696 GC heap before
{Heap before GC invocations=1 (full 0):
 PSYoungGen      total 38400K, used 33280K [0x00000000eaa80000, 0x00000000ed500000, 0x0000000100000000)
  eden space 33280K, 100% used [0x00000000eaa80000,0x00000000ecb00000,0x00000000ecb00000)
  from space 5120K, 0% used [0x00000000ed000000,0x00000000ed000000,0x00000000ed500000)
  to   space 5120K, 0% used [0x00000000ecb00000,0x00000000ecb00000,0x00000000ed000000)
 ParOldGen       total 86016K, used 0K [0x00000000c0000000, 0x00000000c5400000, 0x00000000eaa80000)
  object space 86016K, 0% used [0x00000000c0000000,0x00000000c0000000,0x00000000c5400000)
 PSPermGen       total 21504K, used 5770K [0x00000000bae00000, 0x00000000bc300000, 0x00000000c0000000)
  object space 21504K, 26% used [0x00000000bae00000,0x00000000bb3a2a48,0x00000000bc300000)
Event: 9.777 GC heap after
Heap after GC invocations=1 (full 0):
 PSYoungGen      total 38400K, used 5092K [0x00000000eaa80000, 0x00000000ed500000, 0x0000000100000000)
  eden space 33280K, 0% used [0x00000000eaa80000,0x00000000eaa80000,0x00000000ecb00000)
  from space 5120K, 99% used [0x00000000ecb00000,0x00000000ecff9188,0x00000000ed000000)
  to   space 5120K, 0% used [0x00000000ed000000,0x00000000ed000000,0x00000000ed500000)
 ParOldGen       total 86016K, used 764K [0x00000000c0000000, 0x00000000c5400000, 0x00000000eaa80000)
  object space 86016K, 0% used [0x00000000c0000000,0x00000000c00bf358,0x00000000c5400000)
 PSPermGen       total 21504K, used 5770K [0x00000000bae00000, 0x00000000bc300000, 0x00000000c0000000)
  object space 21504K, 26% used [0x00000000bae00000,0x00000000bb3a2a48,0x00000000bc300000)
}

Deoptimization events (10 events):
Event: 8.480 Thread 0x0000000009bbd000 Uncommon trap: reason=class_check action=maybe_recompile pc=0x0000000002318190 method=com.android.dx.ssa.NormalSsaInsn.accept(Lcom/android/dx/ssa/SsaInsn$Visitor;)V @ 9
Event: 8.498 Thread 0x00000000021a2800 Uncommon trap: reason=null_check action=make_not_entrant pc=0x000000000231d5f4 method=com.android.dx.rop.code.LocalItem.equals(Ljava/lang/Object;)Z @ 1
Event: 8.772 Thread 0x0000000009ac6800 Uncommon trap: reason=null_check action=make_not_entrant pc=0x00000000023282c0 method=com.android.dx.rop.code.LocalItem.equals(Ljava/lang/Object;)Z @ 1
Event: 9.023 Thread 0x0000000009bbd000 Uncommon trap: reason=unstable_if action=reinterpret pc=0x0000000002321cc4 method=com.android.dx.rop.cst.Constant.compareTo(Lcom/android/dx/rop/cst/Constant;)I @ 12
Event: 9.530 Thread 0x00000000021a2800 Uncommon trap: reason=null_check action=make_not_entrant pc=0x0000000002331dd0 method=com.android.dx.ssa.SsaRenamer.getLocalForNewReg(I)Lcom/android/dx/rop/code/LocalItem; @ 19
Event: 9.531 Thread 0x00000000021a2800 Uncommon trap: reason=null_check action=make_not_entrant pc=0x0000000002334abc method=com.android.dx.ssa.SsaRenamer.getLocalForNewReg(I)Lcom/android/dx/rop/code/LocalItem; @ 19
Event: 9.792 Thread 0x0000000009afe800 Uncommon trap: reason=null_check action=make_not_entrant pc=0x0000000002352010 method=com.android.dx.rop.type.Type.equals(Ljava/lang/Object;)Z @ 8
Event: 10.333 Thread 0x0000000009ac6800 Uncommon trap: reason=null_check action=make_not_entrant pc=0x00000000023b8d64 method=com.android.dx.cf.code.Ropper$CatchInfo.getSetup(Lcom/android/dx/rop/type/Type;)Lcom/android/dx/cf/code/Ropper$ExceptionHandlerSetup; @ 10
Event: 10.365 Thread 0x0000000009ac6800 Uncommon trap: reason=unstable_if action=reinterpret pc=0x0000000002371da4 method=com.android.dx.ssa.Dominators.run()V @ 346
Event: 10.486 Thread 0x0000000009aff800 Uncommon trap: reason=unstable_if action=reinterpret pc=0x000000000239f68c method=com.android.dx.ssa.SCCP.simulateStmt(Lcom/android/dx/ssa/SsaInsn;)V @ 53

Internal exceptions (10 events):
Event: 10.190 Thread 0x00000000021a2800 Threw 0x00000000eb59a7c0 at C:\re\jdk7u80\2329\hotspot\src\share\vm\prims\jvm.cpp:1319
Event: 10.286 Thread 0x00000000021a2800 Threw 0x00000000eb5a4548 at C:\re\jdk7u80\2329\hotspot\src\share\vm\prims\jvm.cpp:1319
Event: 10.286 Thread 0x00000000021a2800 Threw 0x00000000eb5a6998 at C:\re\jdk7u80\2329\hotspot\src\share\vm\prims\jvm.cpp:1319
Event: 10.289 Thread 0x0000000009aff800 Threw 0x00000000eb561e60 at C:\re\jdk7u80\2329\hotspot\src\share\vm\prims\jvm.cpp:1319
Event: 10.289 Thread 0x0000000009aff800 Threw 0x00000000eb567450 at C:\re\jdk7u80\2329\hotspot\src\share\vm\prims\jvm.cpp:1319
Event: 10.290 Thread 0x0000000009aff800 Threw 0x00000000eb56c7e0 at C:\re\jdk7u80\2329\hotspot\src\share\vm\prims\jvm.cpp:1319
Event: 10.302 Thread 0x00000000021a2800 Threw 0x00000000eb5b6928 at C:\re\jdk7u80\2329\hotspot\src\share\vm\prims\jvm.cpp:1319
Event: 10.333 Thread 0x0000000009ac6800 Implicit null exception at 0x00000000023b7264 to 0x00000000023b8d59
Event: 10.348 Thread 0x00000000021a2800 Threw 0x00000000eb95d798 at C:\re\jdk7u80\2329\hotspot\src\share\vm\prims\jvm.cpp:1319
Event: 10.350 Thread 0x00000000021a2800 Threw 0x00000000eb95f9b8 at C:\re\jdk7u80\2329\hotspot\src\share\vm\prims\jvm.cpp:1319

Events (10 events):
Event: 10.348 loading class 0x00000000080c1cf0
Event: 10.348 loading class 0x00000000080c1cf0 done
Event: 10.350 loading class 0x0000000009b92800
Event: 10.350 loading class 0x0000000009b92800 done
Event: 10.365 Thread 0x0000000009ac6800 Uncommon trap: trap_request=0xffffff75 fr.pc=0x0000000002371da4
Event: 10.365 Thread 0x0000000009ac6800 DEOPT PACKING pc=0x0000000002371da4 sp=0x0000000009edea10
Event: 10.365 Thread 0x0000000009ac6800 DEOPT UNPACKING pc=0x00000000022d75a4 sp=0x0000000009ede9d8 mode 2
Event: 10.486 Thread 0x0000000009aff800 Uncommon trap: trap_request=0xffffff75 fr.pc=0x000000000239f68c
Event: 10.486 Thread 0x0000000009aff800 DEOPT PACKING pc=0x000000000239f68c sp=0x000000000a1df180
Event: 10.486 Thread 0x0000000009aff800 DEOPT UNPACKING pc=0x00000000022d75a4 sp=0x000000000a1df0f8 mode 2


Dynamic libraries:
0x00007ff781e30000 - 0x00007ff781e63000 	C:\Program Files\Java\jdk1.7.0_80\bin\java.exe
0x00007ffb929a0000 - 0x00007ffb92b61000 	C:\WINDOWS\SYSTEM32\ntdll.dll
0x00007ffb8fec0000 - 0x00007ffb8ff6d000 	C:\WINDOWS\system32\KERNEL32.DLL
0x00007ffb8f470000 - 0x00007ffb8f658000 	C:\WINDOWS\system32\KERNELBASE.dll
0x00007ffb90d90000 - 0x00007ffb90e37000 	C:\WINDOWS\system32\ADVAPI32.dll
0x00007ffb90690000 - 0x00007ffb9072d000 	C:\WINDOWS\system32\msvcrt.dll
0x00007ffb8fe00000 - 0x00007ffb8fe5b000 	C:\WINDOWS\system32\sechost.dll
0x00007ffb92880000 - 0x00007ffb9299c000 	C:\WINDOWS\system32\RPCRT4.dll
0x00007ffb90e40000 - 0x00007ffb90f96000 	C:\WINDOWS\system32\USER32.dll
0x00007ffb90500000 - 0x00007ffb90686000 	C:\WINDOWS\system32\GDI32.dll
0x00007ffb85830000 - 0x00007ffb85aa4000 	C:\WINDOWS\WinSxS\amd64_microsoft.windows.common-controls_6595b64144ccf1df_6.0.10586.0_none_8c15ae12515e1c22\COMCTL32.dll
0x00007ffb90730000 - 0x00007ffb909ad000 	C:\WINDOWS\system32\combase.dll
0x00007ffb8f400000 - 0x00007ffb8f46a000 	C:\WINDOWS\system32\bcryptPrimitives.dll
0x00007ffb8fe60000 - 0x00007ffb8fe9b000 	C:\WINDOWS\system32\IMM32.DLL
0x0000000077aa0000 - 0x0000000077b72000 	C:\Program Files\Java\jdk1.7.0_80\jre\bin\msvcr100.dll
0x0000000076520000 - 0x0000000076cf9000 	C:\Program Files\Java\jdk1.7.0_80\jre\bin\server\jvm.dll
0x00007ffb90d80000 - 0x00007ffb90d88000 	C:\WINDOWS\system32\PSAPI.DLL
0x00007ffb808d0000 - 0x00007ffb808d9000 	C:\WINDOWS\SYSTEM32\WSOCK32.dll
0x00007ffb91010000 - 0x00007ffb9107b000 	C:\WINDOWS\system32\WS2_32.dll
0x00007ffb8d700000 - 0x00007ffb8d723000 	C:\WINDOWS\SYSTEM32\WINMM.dll
0x00007ffb8d6a0000 - 0x00007ffb8d6cc000 	C:\WINDOWS\SYSTEM32\WINMMBASE.dll
0x00007ffb8f050000 - 0x00007ffb8f093000 	C:\WINDOWS\system32\cfgmgr32.dll
0x0000000050030000 - 0x000000005003f000 	C:\Program Files\Java\jdk1.7.0_80\jre\bin\verify.dll
0x0000000050000000 - 0x0000000050028000 	C:\Program Files\Java\jdk1.7.0_80\jre\bin\java.dll
0x0000000077a80000 - 0x0000000077a96000 	C:\Program Files\Java\jdk1.7.0_80\jre\bin\zip.dll
0x0000000077a60000 - 0x0000000077a7a000 	C:\Program Files\Java\jdk1.7.0_80\jre\bin\net.dll
0x00007ffb8e890000 - 0x00007ffb8e8ec000 	C:\WINDOWS\system32\mswsock.dll
0x0000000077a40000 - 0x0000000077a51000 	C:\Program Files\Java\jdk1.7.0_80\jre\bin\nio.dll

VM Arguments:
jvm_args: -Djava.awt.headless=true -Xmx1024M -Dfile.encoding=windows-1252 -Duser.country=MX -Duser.language=es -Duser.variant 
java_command: com.android.dx.command.Main --dex --force-jumbo --num-threads=4 --multi-dex --output C:\pokeapi\app\build\intermediates\transforms\dex\debug\folders\1000\10\internal_impl-23.4.0_f15cff8f32471b5e6b566d4a7410e7e2b913f1d9 C:\pokeapi\app\build\intermediates\exploded-aar\com.android.support\support-v4\23.4.0\jars\libs\internal_impl-23.4.0.jar
Launcher Type: SUN_STANDARD

Environment Variables:
JAVA_HOME=C:\Program Files (x86)\Java\jdk1.8.0_73
USERNAME=Iván
OS=Windows_NT
PROCESSOR_IDENTIFIER=Intel64 Family 6 Model 58 Stepping 9, GenuineIntel



---------------  S Y S T E M  ---------------

OS: Windows 8.1 , 64 bit Build 9600 

CPU:total 4 (2 cores per cpu, 2 threads per core) family 6 model 58 stepping 9, cmov, cx8, fxsr, mmx, sse, sse2, sse3, ssse3, sse4.1, sse4.2, popcnt, avx, aes, erms, ht, tsc, tscinvbit, tscinv

Memory: 4k page, physical 8267032k(923084k free), swap 16529688k(8024k free)

vm_info: Java HotSpot(TM) 64-Bit Server VM (24.80-b11) for windows-amd64 JRE (1.7.0_80-b15), built on Apr 10 2015 11:26:34 by "java_re" with unknown MS VC++:1600

time: Sun Jun 12 23:19:10 2016
elapsed time: 10 seconds

