#
# There is insufficient memory for the Java Runtime Environment to continue.
# Native memory allocation (malloc) failed to allocate 301680 bytes for Chunk::new
# Possible reasons:
#   The system is out of physical RAM or swap space
#   In 32 bit mode, the process size limit was hit
# Possible solutions:
#   Reduce memory load on the system
#   Increase physical memory or swap space
#   Check if swap backing store is full
#   Use 64 bit Java on a 64 bit OS
#   Decrease Java heap size (-Xmx/-Xms)
#   Decrease number of Java threads
#   Decrease Java thread stack sizes (-Xss)
#   Set larger code cache with -XX:ReservedCodeCacheSize=
# This output file may be truncated or incomplete.
#
#  Out of Memory Error (allocation.cpp:323), pid=12652, tid=2200
#
# JRE version: Java(TM) SE Runtime Environment (7.0_80-b15) (build 1.7.0_80-b15)
# Java VM: Java HotSpot(TM) 64-Bit Server VM (24.80-b11 mixed mode windows-amd64 compressed oops)
# Failed to write core dump. Minidumps are not enabled by default on client versions of Windows
#

---------------  T H R E A D  ---------------

Current thread (0x000000000808f000):  JavaThread "C2 CompilerThread0" daemon [_thread_in_native, id=2200, stack(0x0000000009600000,0x0000000009700000)]

Stack: [0x0000000009600000,0x0000000009700000]

Current CompileTask:
C2:   3966  310             com.android.dx.ssa.SCCP::simulateBranch (666 bytes)


---------------  P R O C E S S  ---------------

Java Threads: ( => current thread )
  0x0000000009bde800 JavaThread "pool-2-thread-4" [_thread_blocked, id=9016, stack(0x000000000a200000,0x000000000a300000)]
  0x0000000009bda000 JavaThread "pool-2-thread-3" [_thread_in_vm, id=7584, stack(0x000000000a100000,0x000000000a200000)]
  0x0000000009aeb000 JavaThread "pool-2-thread-2" [_thread_in_Java, id=15956, stack(0x000000000a000000,0x000000000a100000)]
  0x0000000009aea000 JavaThread "pool-3-thread-1" [_thread_blocked, id=3456, stack(0x0000000009f00000,0x000000000a000000)]
  0x00000000080fe000 JavaThread "pool-2-thread-1" [_thread_in_Java, id=3388, stack(0x0000000009e00000,0x0000000009f00000)]
  0x00000000080a6000 JavaThread "Service Thread" daemon [_thread_blocked, id=14648, stack(0x0000000009800000,0x0000000009900000)]
  0x00000000080a3000 JavaThread "C2 CompilerThread1" daemon [_thread_in_native, id=13396, stack(0x0000000009700000,0x0000000009800000)]
=>0x000000000808f000 JavaThread "C2 CompilerThread0" daemon [_thread_in_native, id=2200, stack(0x0000000009600000,0x0000000009700000)]
  0x000000000808e000 JavaThread "Attach Listener" daemon [_thread_blocked, id=10184, stack(0x0000000009500000,0x0000000009600000)]
  0x000000000808b000 JavaThread "Signal Dispatcher" daemon [_thread_blocked, id=6520, stack(0x0000000009400000,0x0000000009500000)]
  0x000000000804a000 JavaThread "Finalizer" daemon [_thread_blocked, id=13760, stack(0x0000000009300000,0x0000000009400000)]
  0x0000000008047000 JavaThread "Reference Handler" daemon [_thread_blocked, id=10940, stack(0x0000000009200000,0x0000000009300000)]
  0x00000000021b2800 JavaThread "main" [_thread_blocked, id=10576, stack(0x00000000020b0000,0x00000000021b0000)]

Other Threads:
  0x0000000008043000 VMThread [stack: 0x0000000009100000,0x0000000009200000] [id=10512]
  0x00000000080b4000 WatcherThread [stack: 0x0000000009900000,0x0000000009a00000] [id=15948]

VM state:not at safepoint (normal execution)

VM Mutex/Monitor currently owned by a thread:  ([mutex/lock_event])
[0x000000000048d2d0] Patching_lock - owner thread: 0x0000000009bda000
[0x000000000048e220] CompiledIC_lock - owner thread: 0x0000000009bda000

Heap
 PSYoungGen      total 38400K, used 23585K [0x00000000eaa80000, 0x00000000ed500000, 0x0000000100000000)
  eden space 33280K, 55% used [0x00000000eaa80000,0x00000000ebc8af50,0x00000000ecb00000)
  from space 5120K, 99% used [0x00000000ecb00000,0x00000000ecffd5c0,0x00000000ed000000)
  to   space 5120K, 0% used [0x00000000ed000000,0x00000000ed000000,0x00000000ed500000)
 ParOldGen       total 86016K, used 1032K [0x00000000c0000000, 0x00000000c5400000, 0x00000000eaa80000)
  object space 86016K, 1% used [0x00000000c0000000,0x00000000c0102200,0x00000000c5400000)
 PSPermGen       total 21504K, used 5882K [0x00000000bae00000, 0x00000000bc300000, 0x00000000c0000000)
  object space 21504K, 27% used [0x00000000bae00000,0x00000000bb3be950,0x00000000bc300000)

Card table byte_map: [0x00000000052b0000,0x00000000054e0000] byte_map_base: 0x0000000004cd9000

Polling page: 0x00000000001f0000

Code Cache  [0x00000000022b0000, 0x0000000002520000, 0x00000000052b0000)
 total_blobs=548 nmethods=311 adapters=189 free_code_cache=47913Kb largest_free_block=49034816

Compilation events (10 events):
Event: 3.895 Thread 0x00000000080a3000 nmethod 307 0x00000000023eadd0 code [0x00000000023eafc0, 0x00000000023eba78]
Event: 3.895 Thread 0x00000000080a3000  309             com.android.dx.ssa.DomFront::calcDomFronts (154 bytes)
Event: 3.899 Thread 0x000000000808f000 nmethod 308 0x00000000023e5650 code [0x00000000023e57e0, 0x00000000023e5f70]
Event: 3.899 Thread 0x000000000808f000  310             com.android.dx.ssa.SCCP::simulateBranch (666 bytes)
Event: 3.911 Thread 0x00000000080a3000 nmethod 309 0x00000000023d4a50 code [0x00000000023d4bc0, 0x00000000023d5318]
Event: 3.911 Thread 0x00000000080a3000  311             com.android.dx.rop.cst.Constant::<init> (5 bytes)
Event: 3.911 Thread 0x00000000080a3000 nmethod 311 0x00000000023af290 code [0x00000000023af3c0, 0x00000000023af418]
Event: 3.911 Thread 0x00000000080a3000  312             com.android.dx.rop.code.PlainInsn::withNewRegisters (18 bytes)
Event: 3.913 Thread 0x00000000080a3000 nmethod 312 0x00000000023e69d0 code [0x00000000023e6b20, 0x00000000023e6cb8]
Event: 3.913 Thread 0x00000000080a3000  313   !         com.android.dx.cf.cst.ConstantPoolParser::parse0 (731 bytes)

GC Heap History (2 events):
Event: 3.196 GC heap before
{Heap before GC invocations=1 (full 0):
 PSYoungGen      total 38400K, used 33280K [0x00000000eaa80000, 0x00000000ed500000, 0x0000000100000000)
  eden space 33280K, 100% used [0x00000000eaa80000,0x00000000ecb00000,0x00000000ecb00000)
  from space 5120K, 0% used [0x00000000ed000000,0x00000000ed000000,0x00000000ed500000)
  to   space 5120K, 0% used [0x00000000ecb00000,0x00000000ecb00000,0x00000000ed000000)
 ParOldGen       total 86016K, used 0K [0x00000000c0000000, 0x00000000c5400000, 0x00000000eaa80000)
  object space 86016K, 0% used [0x00000000c0000000,0x00000000c0000000,0x00000000c5400000)
 PSPermGen       total 21504K, used 5837K [0x00000000bae00000, 0x00000000bc300000, 0x00000000c0000000)
  object space 21504K, 27% used [0x00000000bae00000,0x00000000bb3b3610,0x00000000bc300000)
Event: 3.340 GC heap after
Heap after GC invocations=1 (full 0):
 PSYoungGen      total 38400K, used 5109K [0x00000000eaa80000, 0x00000000ed500000, 0x0000000100000000)
  eden space 33280K, 0% used [0x00000000eaa80000,0x00000000eaa80000,0x00000000ecb00000)
  from space 5120K, 99% used [0x00000000ecb00000,0x00000000ecffd5c0,0x00000000ed000000)
  to   space 5120K, 0% used [0x00000000ed000000,0x00000000ed000000,0x00000000ed500000)
 ParOldGen       total 86016K, used 1032K [0x00000000c0000000, 0x00000000c5400000, 0x00000000eaa80000)
  object space 86016K, 1% used [0x00000000c0000000,0x00000000c0102200,0x00000000c5400000)
 PSPermGen       total 21504K, used 5837K [0x00000000bae00000, 0x00000000bc300000, 0x00000000c0000000)
  object space 21504K, 27% used [0x00000000bae00000,0x00000000bb3b3610,0x00000000bc300000)
}

Deoptimization events (10 events):
Event: 2.063 Thread 0x0000000009bde800 Uncommon trap: reason=null_check action=make_not_entrant pc=0x0000000002333738 method=com.android.dx.rop.code.LocalItem.equals(Ljava/lang/Object;)Z @ 1
Event: 2.221 Thread 0x00000000080fe000 Uncommon trap: reason=unstable_if action=reinterpret pc=0x000000000233c150 method=com.android.dx.ssa.SsaRenamer$BlockRenamer.addMapping(ILcom/android/dx/rop/code/RegisterSpec;)V @ 120
Event: 2.858 Thread 0x00000000080fe000 Uncommon trap: reason=unstable_if action=reinterpret pc=0x0000000002345478 method=com.android.dx.rop.code.RegisterSpec.equals(ILcom/android/dx/rop/type/TypeBearer;Lcom/android/dx/rop/code/LocalItem;)Z @ 42
Event: 2.987 Thread 0x00000000021b2800 Uncommon trap: reason=unstable_if action=reinterpret pc=0x0000000002380014 method=com.android.dx.ssa.SCCP.simulateBranch(Lcom/android/dx/ssa/SsaInsn;)V @ 107
Event: 3.164 Thread 0x00000000080fe000 Uncommon trap: reason=unstable_if action=reinterpret pc=0x0000000002371c9c method=com.android.dx.ssa.SsaRenamer$BlockRenamer.process()V @ 90
Event: 3.377 Thread 0x00000000021b2800 Uncommon trap: reason=null_check action=make_not_entrant pc=0x0000000002393c90 method=com.android.dx.rop.type.Type.putIntern(Lcom/android/dx/rop/type/Type;)Lcom/android/dx/rop/type/Type; @ 18
Event: 3.830 Thread 0x00000000080fe000 Uncommon trap: reason=unstable_if action=reinterpret pc=0x000000000238fd98 method=com.android.dx.rop.code.RegisterSpecSet.localItemToSpec(Lcom/android/dx/rop/code/LocalItem;)Lcom/android/dx/rop/code/RegisterSpec; @ 35
Event: 3.865 Thread 0x0000000009bda000 Uncommon trap: reason=class_check action=maybe_recompile pc=0x00000000023d8a90 method=com.android.dx.cf.code.BytecodeArray.parseInstruction(ILcom/android/dx/cf/code/BytecodeArray$Visitor;)I @ 987
Event: 3.869 Thread 0x0000000009bde800 Uncommon trap: reason=class_check action=maybe_recompile pc=0x00000000023d8a90 method=com.android.dx.cf.code.BytecodeArray.parseInstruction(ILcom/android/dx/cf/code/BytecodeArray$Visitor;)I @ 987
Event: 3.869 Thread 0x0000000009bde800 Uncommon trap: reason=class_check action=maybe_recompile pc=0x00000000023d8a90 method=com.android.dx.cf.code.BytecodeArray.parseInstruction(ILcom/android/dx/cf/code/BytecodeArray$Visitor;)I @ 987

Internal exceptions (10 events):
Event: 1.486 Thread 0x00000000080fe000 Threw 0x00000000eb7668a0 at C:\re\jdk7u80\2329\hotspot\src\share\vm\prims\jvm.cpp:1319
Event: 1.488 Thread 0x00000000021b2800 Threw 0x00000000eb65fc00 at C:\re\jdk7u80\2329\hotspot\src\share\vm\prims\jvm.cpp:1319
Event: 1.529 Thread 0x0000000009aeb000 Threw 0x00000000eb8d5338 at C:\re\jdk7u80\2329\hotspot\src\share\vm\prims\jvm.cpp:1319
Event: 1.703 Thread 0x0000000009bde800 Threw 0x00000000eb9b2870 at C:\re\jdk7u80\2329\hotspot\src\share\vm\prims\jvm.cpp:1319
Event: 1.947 Thread 0x0000000009aeb000 Threw 0x00000000ebc817e8 at C:\re\jdk7u80\2329\hotspot\src\share\vm\prims\jvm.cpp:1319
Event: 2.063 Thread 0x0000000009bde800 Implicit null exception at 0x0000000002333561 to 0x0000000002333711
Event: 2.279 Thread 0x00000000021b2800 Threw 0x00000000ec09edd8 at C:\re\jdk7u80\2329\hotspot\src\share\vm\prims\jvm.cpp:1319
Event: 2.282 Thread 0x00000000021b2800 Threw 0x00000000ec0afad8 at C:\re\jdk7u80\2329\hotspot\src\share\vm\prims\jvm.cpp:1319
Event: 3.377 Thread 0x00000000021b2800 Implicit null exception at 0x00000000023935e3 to 0x0000000002393c81
Event: 3.861 Thread 0x00000000021b2800 Threw 0x00000000eb8ef990 at C:\re\jdk7u80\2329\hotspot\src\share\vm\prims\jvm.cpp:1319

Events (10 events):
Event: 3.861 loading class 0x0000000009a4a2d0 done
Event: 3.865 Thread 0x0000000009bda000 Uncommon trap: trap_request=0xffffffde fr.pc=0x00000000023d8a90
Event: 3.865 Thread 0x0000000009bda000 DEOPT PACKING pc=0x00000000023d8a90 sp=0x000000000a1feb10
Event: 3.865 Thread 0x0000000009bda000 DEOPT UNPACKING pc=0x00000000022e75a4 sp=0x000000000a1fea90 mode 2
Event: 3.869 Thread 0x0000000009bde800 Uncommon trap: trap_request=0xffffffde fr.pc=0x00000000023d8a90
Event: 3.869 Thread 0x0000000009bde800 DEOPT PACKING pc=0x00000000023d8a90 sp=0x000000000a2fee40
Event: 3.869 Thread 0x0000000009bde800 DEOPT UNPACKING pc=0x00000000022e75a4 sp=0x000000000a2fedc0 mode 2
Event: 3.869 Thread 0x0000000009bde800 Uncommon trap: trap_request=0xffffffde fr.pc=0x00000000023d8a90
Event: 3.869 Thread 0x0000000009bde800 DEOPT PACKING pc=0x00000000023d8a90 sp=0x000000000a2fee40
Event: 3.869 Thread 0x0000000009bde800 DEOPT UNPACKING pc=0x00000000022e75a4 sp=0x000000000a2fedc0 mode 2


Dynamic libraries:
0x00007ff781e30000 - 0x00007ff781e63000 	C:\Program Files\Java\jdk1.7.0_80\bin\java.exe
0x00007ffb929a0000 - 0x00007ffb92b61000 	C:\WINDOWS\SYSTEM32\ntdll.dll
0x00007ffb8fec0000 - 0x00007ffb8ff6d000 	C:\WINDOWS\system32\KERNEL32.DLL
0x00007ffb8f470000 - 0x00007ffb8f658000 	C:\WINDOWS\system32\KERNELBASE.dll
0x00007ffb90d90000 - 0x00007ffb90e37000 	C:\WINDOWS\system32\ADVAPI32.dll
0x00007ffb90690000 - 0x00007ffb9072d000 	C:\WINDOWS\system32\msvcrt.dll
0x00007ffb8fe00000 - 0x00007ffb8fe5b000 	C:\WINDOWS\system32\sechost.dll
0x00007ffb92880000 - 0x00007ffb9299c000 	C:\WINDOWS\system32\RPCRT4.dll
0x00007ffb90e40000 - 0x00007ffb90f96000 	C:\WINDOWS\system32\USER32.dll
0x00007ffb90500000 - 0x00007ffb90686000 	C:\WINDOWS\system32\GDI32.dll
0x00007ffb85830000 - 0x00007ffb85aa4000 	C:\WINDOWS\WinSxS\amd64_microsoft.windows.common-controls_6595b64144ccf1df_6.0.10586.0_none_8c15ae12515e1c22\COMCTL32.dll
0x00007ffb90730000 - 0x00007ffb909ad000 	C:\WINDOWS\system32\combase.dll
0x00007ffb8f400000 - 0x00007ffb8f46a000 	C:\WINDOWS\system32\bcryptPrimitives.dll
0x00007ffb8fe60000 - 0x00007ffb8fe9b000 	C:\WINDOWS\system32\IMM32.DLL
0x0000000077aa0000 - 0x0000000077b72000 	C:\Program Files\Java\jdk1.7.0_80\jre\bin\msvcr100.dll
0x0000000076520000 - 0x0000000076cf9000 	C:\Program Files\Java\jdk1.7.0_80\jre\bin\server\jvm.dll
0x00007ffb90d80000 - 0x00007ffb90d88000 	C:\WINDOWS\system32\PSAPI.DLL
0x00007ffb808d0000 - 0x00007ffb808d9000 	C:\WINDOWS\SYSTEM32\WSOCK32.dll
0x00007ffb91010000 - 0x00007ffb9107b000 	C:\WINDOWS\system32\WS2_32.dll
0x00007ffb8d700000 - 0x00007ffb8d723000 	C:\WINDOWS\SYSTEM32\WINMM.dll
0x00007ffb8d6a0000 - 0x00007ffb8d6cc000 	C:\WINDOWS\SYSTEM32\WINMMBASE.dll
0x00007ffb8f050000 - 0x00007ffb8f093000 	C:\WINDOWS\system32\cfgmgr32.dll
0x0000000050030000 - 0x000000005003f000 	C:\Program Files\Java\jdk1.7.0_80\jre\bin\verify.dll
0x0000000050000000 - 0x0000000050028000 	C:\Program Files\Java\jdk1.7.0_80\jre\bin\java.dll
0x0000000077a80000 - 0x0000000077a96000 	C:\Program Files\Java\jdk1.7.0_80\jre\bin\zip.dll
0x0000000077a60000 - 0x0000000077a7a000 	C:\Program Files\Java\jdk1.7.0_80\jre\bin\net.dll
0x00007ffb8e890000 - 0x00007ffb8e8ec000 	C:\WINDOWS\system32\mswsock.dll
0x0000000077a40000 - 0x0000000077a51000 	C:\Program Files\Java\jdk1.7.0_80\jre\bin\nio.dll

VM Arguments:
jvm_args: -Djava.awt.headless=true -Xmx1024M -Dfile.encoding=windows-1252 -Duser.country=MX -Duser.language=es -Duser.variant 
java_command: com.android.dx.command.Main --dex --force-jumbo --num-threads=4 --multi-dex --output C:\pokeapi\app\build\intermediates\transforms\dex\debug\folders\1000\10\com.android.support-appcompat-v7-23.4.0_052bcf86b7d6ced345fb941415be1c85239797bb C:\pokeapi\app\build\intermediates\exploded-aar\com.android.support\appcompat-v7\23.4.0\jars\classes.jar
Launcher Type: SUN_STANDARD

Environment Variables:
JAVA_HOME=C:\Program Files (x86)\Java\jdk1.8.0_73
USERNAME=Iván
OS=Windows_NT
PROCESSOR_IDENTIFIER=Intel64 Family 6 Model 58 Stepping 9, GenuineIntel



---------------  S Y S T E M  ---------------

OS: Windows 8.1 , 64 bit Build 9600 

CPU:total 4 (2 cores per cpu, 2 threads per core) family 6 model 58 stepping 9, cmov, cx8, fxsr, mmx, sse, sse2, sse3, ssse3, sse4.1, sse4.2, popcnt, avx, aes, erms, ht, tsc, tscinvbit, tscinv

Memory: 4k page, physical 8267032k(907656k free), swap 16529688k(6044k free)

vm_info: Java HotSpot(TM) 64-Bit Server VM (24.80-b11) for windows-amd64 JRE (1.7.0_80-b15), built on Apr 10 2015 11:26:34 by "java_re" with unknown MS VC++:1600

time: Sun Jun 12 23:48:14 2016
elapsed time: 3 seconds

