#
# There is insufficient memory for the Java Runtime Environment to continue.
# Native memory allocation (malloc) failed to allocate 32744 bytes for ChunkPool::allocate
# Possible reasons:
#   The system is out of physical RAM or swap space
#   In 32 bit mode, the process size limit was hit
# Possible solutions:
#   Reduce memory load on the system
#   Increase physical memory or swap space
#   Check if swap backing store is full
#   Use 64 bit Java on a 64 bit OS
#   Decrease Java heap size (-Xmx/-Xms)
#   Decrease number of Java threads
#   Decrease Java thread stack sizes (-Xss)
#   Set larger code cache with -XX:ReservedCodeCacheSize=
# This output file may be truncated or incomplete.
#
#  Out of Memory Error (allocation.cpp:211), pid=2748, tid=6708
#
# JRE version: Java(TM) SE Runtime Environment (7.0_80-b15) (build 1.7.0_80-b15)
# Java VM: Java HotSpot(TM) 64-Bit Server VM (24.80-b11 mixed mode windows-amd64 compressed oops)
# Failed to write core dump. Minidumps are not enabled by default on client versions of Windows
#

---------------  T H R E A D  ---------------

Current thread (0x00000000080a0000):  JavaThread "C2 CompilerThread1" daemon [_thread_in_native, id=6708, stack(0x0000000009720000,0x0000000009820000)]

Stack: [0x0000000009720000,0x0000000009820000]

Current CompileTask:
C2:   3813  273   !         com.android.dx.cf.code.BytecodeArray::parseInstruction (2764 bytes)


---------------  P R O C E S S  ---------------

Java Threads: ( => current thread )
  0x0000000009b39800 JavaThread "pool-2-thread-4" [_thread_blocked, id=16156, stack(0x000000000a220000,0x000000000a320000)]
  0x0000000009b38800 JavaThread "pool-2-thread-3" [_thread_blocked, id=7016, stack(0x000000000a120000,0x000000000a220000)]
  0x0000000009b13800 JavaThread "pool-2-thread-2" [_thread_blocked, id=8660, stack(0x000000000a020000,0x000000000a120000)]
  0x0000000009b13000 JavaThread "pool-3-thread-1" [_thread_blocked, id=10144, stack(0x0000000009f20000,0x000000000a020000)]
  0x0000000009ba4000 JavaThread "pool-2-thread-1" [_thread_blocked, id=12740, stack(0x0000000009e20000,0x0000000009f20000)]
  0x00000000080b3800 JavaThread "Service Thread" daemon [_thread_blocked, id=14848, stack(0x0000000009820000,0x0000000009920000)]
=>0x00000000080a0000 JavaThread "C2 CompilerThread1" daemon [_thread_in_native, id=6708, stack(0x0000000009720000,0x0000000009820000)]
  0x000000000809e000 JavaThread "C2 CompilerThread0" daemon [_thread_blocked, id=7488, stack(0x0000000009620000,0x0000000009720000)]
  0x000000000809d000 JavaThread "Attach Listener" daemon [_thread_blocked, id=12112, stack(0x0000000009520000,0x0000000009620000)]
  0x000000000809a000 JavaThread "Signal Dispatcher" daemon [_thread_blocked, id=4556, stack(0x0000000009420000,0x0000000009520000)]
  0x000000000805a000 JavaThread "Finalizer" daemon [_thread_blocked, id=4208, stack(0x0000000009320000,0x0000000009420000)]
  0x0000000008057000 JavaThread "Reference Handler" daemon [_thread_blocked, id=15220, stack(0x0000000009220000,0x0000000009320000)]
  0x00000000021c2800 JavaThread "main" [_thread_in_Java, id=7324, stack(0x0000000001ff0000,0x00000000020f0000)]

Other Threads:
  0x0000000008053000 VMThread [stack: 0x0000000009120000,0x0000000009220000] [id=7032]
  0x00000000080bd800 WatcherThread [stack: 0x0000000009920000,0x0000000009a20000] [id=9720]

VM state:not at safepoint (normal execution)

VM Mutex/Monitor currently owned by a thread: None

Heap
 PSYoungGen      total 38400K, used 20400K [0x00000000eaa80000, 0x00000000ef580000, 0x0000000100000000)
  eden space 33280K, 45% used [0x00000000eaa80000,0x00000000eb96fe28,0x00000000ecb00000)
  from space 5120K, 99% used [0x00000000ecb00000,0x00000000ecffc438,0x00000000ed000000)
  to   space 5120K, 0% used [0x00000000ef080000,0x00000000ef080000,0x00000000ef580000)
 ParOldGen       total 86016K, used 450K [0x00000000c0000000, 0x00000000c5400000, 0x00000000eaa80000)
  object space 86016K, 0% used [0x00000000c0000000,0x00000000c0070ba0,0x00000000c5400000)
 PSPermGen       total 21504K, used 5858K [0x00000000bae00000, 0x00000000bc300000, 0x00000000c0000000)
  object space 21504K, 27% used [0x00000000bae00000,0x00000000bb3b8890,0x00000000bc300000)

Card table byte_map: [0x00000000052c0000,0x00000000054f0000] byte_map_base: 0x0000000004ce9000

Polling page: 0x00000000001f0000

Code Cache  [0x00000000022c0000, 0x0000000002530000, 0x00000000052c0000)
 total_blobs=513 nmethods=276 adapters=189 free_code_cache=48095Kb largest_free_block=49205248

Compilation events (10 events):
Event: 3.627 Thread 0x000000000809e000 nmethod 271 0x00000000023ce590 code [0x00000000023ce900, 0x00000000023d0158]
Event: 3.637 Thread 0x00000000080a0000  273   !         com.android.dx.cf.code.BytecodeArray::parseInstruction (2764 bytes)
Event: 3.710 Thread 0x000000000809e000  274             com.android.dx.cf.code.ByteOps::opInfo (6 bytes)
Event: 3.711 Thread 0x000000000809e000 nmethod 274 0x00000000023a7250 code [0x00000000023a7380, 0x00000000023a73d8]
Event: 3.713 Thread 0x000000000809e000  275             com.android.dx.rop.code.CstInsn::<init> (31 bytes)
Event: 3.714 Thread 0x000000000809e000 nmethod 275 0x00000000023ba1d0 code [0x00000000023ba320, 0x00000000023ba458]
Event: 3.722 Thread 0x000000000809e000  276             com.android.dx.rop.code.BasicBlockList$RegCountVisitor::visitPlainInsn (6 bytes)
Event: 3.727 Thread 0x000000000809e000 nmethod 276 0x00000000023be850 code [0x00000000023be9c0, 0x00000000023bec58]
Event: 3.730 Thread 0x000000000809e000  277             java.lang.Object::equals (11 bytes)
Event: 3.731 Thread 0x000000000809e000 nmethod 277 0x00000000023be650 code [0x00000000023be780, 0x00000000023be7d8]

GC Heap History (2 events):
Event: 1.793 GC heap before
{Heap before GC invocations=1 (full 0):
 PSYoungGen      total 38400K, used 33280K [0x00000000eaa80000, 0x00000000ed500000, 0x0000000100000000)
  eden space 33280K, 100% used [0x00000000eaa80000,0x00000000ecb00000,0x00000000ecb00000)
  from space 5120K, 0% used [0x00000000ed000000,0x00000000ed000000,0x00000000ed500000)
  to   space 5120K, 0% used [0x00000000ecb00000,0x00000000ecb00000,0x00000000ed000000)
 ParOldGen       total 86016K, used 0K [0x00000000c0000000, 0x00000000c5400000, 0x00000000eaa80000)
  object space 86016K, 0% used [0x00000000c0000000,0x00000000c0000000,0x00000000c5400000)
 PSPermGen       total 21504K, used 5752K [0x00000000bae00000, 0x00000000bc300000, 0x00000000c0000000)
  object space 21504K, 26% used [0x00000000bae00000,0x00000000bb39e008,0x00000000bc300000)
Event: 2.102 GC heap after
Heap after GC invocations=1 (full 0):
 PSYoungGen      total 38400K, used 5105K [0x00000000eaa80000, 0x00000000ef580000, 0x0000000100000000)
  eden space 33280K, 0% used [0x00000000eaa80000,0x00000000eaa80000,0x00000000ecb00000)
  from space 5120K, 99% used [0x00000000ecb00000,0x00000000ecffc438,0x00000000ed000000)
  to   space 5120K, 0% used [0x00000000ef080000,0x00000000ef080000,0x00000000ef580000)
 ParOldGen       total 86016K, used 450K [0x00000000c0000000, 0x00000000c5400000, 0x00000000eaa80000)
  object space 86016K, 0% used [0x00000000c0000000,0x00000000c0070ba0,0x00000000c5400000)
 PSPermGen       total 21504K, used 5752K [0x00000000bae00000, 0x00000000bc300000, 0x00000000c0000000)
  object space 21504K, 26% used [0x00000000bae00000,0x00000000bb39e008,0x00000000bc300000)
}

Deoptimization events (10 events):
Event: 1.558 Thread 0x0000000009b38800 Uncommon trap: reason=unstable_if action=reinterpret pc=0x0000000002338260 method=java.util.BitSet.nextSetBit(I)I @ 87
Event: 1.566 Thread 0x0000000009b38800 Uncommon trap: reason=unstable_if action=reinterpret pc=0x0000000002347a9c method=java.util.BitSet.nextSetBit(I)I @ 87
Event: 1.582 Thread 0x00000000021c2800 Uncommon trap: reason=unstable_if action=reinterpret pc=0x000000000234ba78 method=com.android.dx.cf.code.Ropper.labelToResultIndex(I)I @ 34
Event: 1.582 Thread 0x00000000021c2800 Uncommon trap: reason=class_check action=maybe_recompile pc=0x0000000002354d18 method=com.android.dx.rop.type.Type.equals(Ljava/lang/Object;)Z @ 8
Event: 1.582 Thread 0x00000000021c2800 Uncommon trap: reason=class_check action=maybe_recompile pc=0x0000000002354d18 method=com.android.dx.rop.type.Type.equals(Ljava/lang/Object;)Z @ 8
Event: 1.582 Thread 0x00000000021c2800 Uncommon trap: reason=class_check action=maybe_recompile pc=0x0000000002354d18 method=com.android.dx.rop.type.Type.equals(Ljava/lang/Object;)Z @ 8
Event: 1.587 Thread 0x00000000021c2800 Uncommon trap: reason=unstable_if action=reinterpret pc=0x000000000235bfec method=java.util.Vector.ensureCapacityHelper(I)V @ 7
Event: 1.587 Thread 0x00000000021c2800 Uncommon trap: reason=unstable_if action=reinterpret pc=0x0000000002357b90 method=java.util.Vector.ensureCapacityHelper(I)V @ 7
Event: 1.589 Thread 0x00000000021c2800 Uncommon trap: reason=class_check action=maybe_recompile pc=0x0000000002354d18 method=com.android.dx.rop.type.Type.equals(Ljava/lang/Object;)Z @ 8
Event: 2.461 Thread 0x0000000009ba4000 Uncommon trap: reason=null_check action=make_not_entrant pc=0x000000000237f344 method=com.android.dx.rop.code.RegisterSpec.equals(Ljava/lang/Object;)Z @ 1

Internal exceptions (10 events):
Event: 0.923 Thread 0x0000000009b38800 Threw 0x00000000ebfaa638 at C:\re\jdk7u80\2329\hotspot\src\share\vm\prims\jvm.cpp:1319
Event: 0.924 Thread 0x0000000009b38800 Threw 0x00000000ebfafc28 at C:\re\jdk7u80\2329\hotspot\src\share\vm\prims\jvm.cpp:1319
Event: 0.925 Thread 0x0000000009b38800 Threw 0x00000000ebfb4f00 at C:\re\jdk7u80\2329\hotspot\src\share\vm\prims\jvm.cpp:1319
Event: 1.157 Thread 0x00000000021c2800 Threw 0x00000000ec24dcd8 at C:\re\jdk7u80\2329\hotspot\src\share\vm\prims\jvm.cpp:1319
Event: 1.157 Thread 0x00000000021c2800 Threw 0x00000000ec24fe48 at C:\re\jdk7u80\2329\hotspot\src\share\vm\prims\jvm.cpp:1319
Event: 1.162 Thread 0x0000000009ba4000 Threw 0x00000000ec10b6f8 at C:\re\jdk7u80\2329\hotspot\src\share\vm\prims\jvm.cpp:1319
Event: 1.316 Thread 0x0000000009b13800 Implicit null exception at 0x0000000002342e20 to 0x0000000002343149
Event: 1.384 Thread 0x0000000009b13800 Threw 0x00000000ec67abf0 at C:\re\jdk7u80\2329\hotspot\src\share\vm\prims\jvm.cpp:1319
Event: 1.577 Thread 0x00000000021c2800 Threw 0x00000000ec818ea8 at C:\re\jdk7u80\2329\hotspot\src\share\vm\prims\jvm.cpp:1319
Event: 2.461 Thread 0x0000000009ba4000 Implicit null exception at 0x000000000237e359 to 0x000000000237f319

Events (10 events):
Event: 1.587 Thread 0x00000000021c2800 DEOPT PACKING pc=0x0000000002357b90 sp=0x00000000020ee7c0
Event: 1.587 Thread 0x00000000021c2800 DEOPT UNPACKING pc=0x00000000022f75a4 sp=0x00000000020ee768 mode 2
Event: 1.589 Thread 0x00000000021c2800 Uncommon trap: trap_request=0xffffffde fr.pc=0x0000000002354d18
Event: 1.589 Thread 0x00000000021c2800 DEOPT PACKING pc=0x0000000002354d18 sp=0x00000000020ee2c0
Event: 1.589 Thread 0x00000000021c2800 DEOPT UNPACKING pc=0x00000000022f75a4 sp=0x00000000020ee218 mode 2
Event: 1.595 Executing VM operation: ParallelGCFailedAllocation
Event: 2.102 Executing VM operation: ParallelGCFailedAllocation done
Event: 2.461 Thread 0x0000000009ba4000 Uncommon trap: trap_request=0xfffffff4 fr.pc=0x000000000237f344
Event: 2.461 Thread 0x0000000009ba4000 DEOPT PACKING pc=0x000000000237f344 sp=0x0000000009f1efc0
Event: 2.461 Thread 0x0000000009ba4000 DEOPT UNPACKING pc=0x00000000022f75a4 sp=0x0000000009f1eed8 mode 2


Dynamic libraries:
0x00007ff781e30000 - 0x00007ff781e63000 	C:\Program Files\Java\jdk1.7.0_80\bin\java.exe
0x00007ffb929a0000 - 0x00007ffb92b61000 	C:\WINDOWS\SYSTEM32\ntdll.dll
0x00007ffb8fec0000 - 0x00007ffb8ff6d000 	C:\WINDOWS\system32\KERNEL32.DLL
0x00007ffb8f470000 - 0x00007ffb8f658000 	C:\WINDOWS\system32\KERNELBASE.dll
0x00007ffb90d90000 - 0x00007ffb90e37000 	C:\WINDOWS\system32\ADVAPI32.dll
0x00007ffb90690000 - 0x00007ffb9072d000 	C:\WINDOWS\system32\msvcrt.dll
0x00007ffb8fe00000 - 0x00007ffb8fe5b000 	C:\WINDOWS\system32\sechost.dll
0x00007ffb92880000 - 0x00007ffb9299c000 	C:\WINDOWS\system32\RPCRT4.dll
0x00007ffb90e40000 - 0x00007ffb90f96000 	C:\WINDOWS\system32\USER32.dll
0x00007ffb90500000 - 0x00007ffb90686000 	C:\WINDOWS\system32\GDI32.dll
0x00007ffb85830000 - 0x00007ffb85aa4000 	C:\WINDOWS\WinSxS\amd64_microsoft.windows.common-controls_6595b64144ccf1df_6.0.10586.0_none_8c15ae12515e1c22\COMCTL32.dll
0x00007ffb90730000 - 0x00007ffb909ad000 	C:\WINDOWS\system32\combase.dll
0x00007ffb8f400000 - 0x00007ffb8f46a000 	C:\WINDOWS\system32\bcryptPrimitives.dll
0x00007ffb8fe60000 - 0x00007ffb8fe9b000 	C:\WINDOWS\system32\IMM32.DLL
0x0000000077aa0000 - 0x0000000077b72000 	C:\Program Files\Java\jdk1.7.0_80\jre\bin\msvcr100.dll
0x0000000076520000 - 0x0000000076cf9000 	C:\Program Files\Java\jdk1.7.0_80\jre\bin\server\jvm.dll
0x00007ffb90d80000 - 0x00007ffb90d88000 	C:\WINDOWS\system32\PSAPI.DLL
0x00007ffb808d0000 - 0x00007ffb808d9000 	C:\WINDOWS\SYSTEM32\WSOCK32.dll
0x00007ffb91010000 - 0x00007ffb9107b000 	C:\WINDOWS\system32\WS2_32.dll
0x00007ffb8d700000 - 0x00007ffb8d723000 	C:\WINDOWS\SYSTEM32\WINMM.dll
0x00007ffb8d6a0000 - 0x00007ffb8d6cc000 	C:\WINDOWS\SYSTEM32\WINMMBASE.dll
0x00007ffb8f050000 - 0x00007ffb8f093000 	C:\WINDOWS\system32\cfgmgr32.dll
0x0000000050030000 - 0x000000005003f000 	C:\Program Files\Java\jdk1.7.0_80\jre\bin\verify.dll
0x0000000050000000 - 0x0000000050028000 	C:\Program Files\Java\jdk1.7.0_80\jre\bin\java.dll
0x0000000077a80000 - 0x0000000077a96000 	C:\Program Files\Java\jdk1.7.0_80\jre\bin\zip.dll
0x0000000077a60000 - 0x0000000077a7a000 	C:\Program Files\Java\jdk1.7.0_80\jre\bin\net.dll
0x00007ffb8e890000 - 0x00007ffb8e8ec000 	C:\WINDOWS\system32\mswsock.dll
0x0000000077a40000 - 0x0000000077a51000 	C:\Program Files\Java\jdk1.7.0_80\jre\bin\nio.dll

VM Arguments:
jvm_args: -Djava.awt.headless=true -Xmx1024M -Dfile.encoding=windows-1252 -Duser.country=MX -Duser.language=es -Duser.variant 
java_command: com.android.dx.command.Main --dex --force-jumbo --num-threads=4 --multi-dex --output C:\pokeapi\app\build\intermediates\transforms\dex\debug\folders\1000\10\com.android.support-support-v4-23.4.0_58b1b40eebeddde393c0e72e0dbbbabe57c6fee7 C:\pokeapi\app\build\intermediates\exploded-aar\com.android.support\support-v4\23.4.0\jars\classes.jar
Launcher Type: SUN_STANDARD

Environment Variables:
JAVA_HOME=C:\Program Files (x86)\Java\jdk1.8.0_73
USERNAME=Iván
OS=Windows_NT
PROCESSOR_IDENTIFIER=Intel64 Family 6 Model 58 Stepping 9, GenuineIntel



---------------  S Y S T E M  ---------------

OS: Windows 8.1 , 64 bit Build 9600 

CPU:total 4 (2 cores per cpu, 2 threads per core) family 6 model 58 stepping 9, cmov, cx8, fxsr, mmx, sse, sse2, sse3, ssse3, sse4.1, sse4.2, popcnt, avx, aes, erms, ht, tsc, tscinvbit, tscinv

Memory: 4k page, physical 8267032k(909544k free), swap 16529688k(4108k free)

vm_info: Java HotSpot(TM) 64-Bit Server VM (24.80-b11) for windows-amd64 JRE (1.7.0_80-b15), built on Apr 10 2015 11:26:34 by "java_re" with unknown MS VC++:1600

time: Sun Jun 12 23:48:13 2016
elapsed time: 3 seconds

