#
# There is insufficient memory for the Java Runtime Environment to continue.
# Native memory allocation (malloc) failed to allocate 43856 bytes for Chunk::new
# Possible reasons:
#   The system is out of physical RAM or swap space
#   In 32 bit mode, the process size limit was hit
# Possible solutions:
#   Reduce memory load on the system
#   Increase physical memory or swap space
#   Check if swap backing store is full
#   Use 64 bit Java on a 64 bit OS
#   Decrease Java heap size (-Xmx/-Xms)
#   Decrease number of Java threads
#   Decrease Java thread stack sizes (-Xss)
#   Set larger code cache with -XX:ReservedCodeCacheSize=
# This output file may be truncated or incomplete.
#
#  Out of Memory Error (allocation.cpp:323), pid=13476, tid=13092
#
# JRE version: Java(TM) SE Runtime Environment (7.0_80-b15) (build 1.7.0_80-b15)
# Java VM: Java HotSpot(TM) 64-Bit Server VM (24.80-b11 mixed mode windows-amd64 compressed oops)
# Failed to write core dump. Minidumps are not enabled by default on client versions of Windows
#

---------------  T H R E A D  ---------------

Current thread (0x000000000808e000):  JavaThread "C2 CompilerThread0" daemon [_thread_in_native, id=13092, stack(0x00000000095f0000,0x00000000096f0000)]

Stack: [0x00000000095f0000,0x00000000096f0000]

Current CompileTask:
C2:   3980  336             com.android.dx.ssa.DeadCodeRemover::run (194 bytes)


---------------  P R O C E S S  ---------------

Java Threads: ( => current thread )
  0x0000000009bab800 JavaThread "pool-2-thread-4" [_thread_blocked, id=8292, stack(0x000000000a1f0000,0x000000000a2f0000)]
  0x0000000009b12000 JavaThread "pool-2-thread-3" [_thread_blocked, id=6740, stack(0x000000000a0f0000,0x000000000a1f0000)]
  0x0000000009b0e800 JavaThread "pool-2-thread-2" [_thread_blocked, id=15364, stack(0x0000000009ff0000,0x000000000a0f0000)]
  0x0000000009b70000 JavaThread "pool-3-thread-1" [_thread_blocked, id=15776, stack(0x0000000009ef0000,0x0000000009ff0000)]
  0x0000000009a85800 JavaThread "pool-2-thread-1" [_thread_blocked, id=15824, stack(0x0000000009df0000,0x0000000009ef0000)]
  0x00000000080a3800 JavaThread "Service Thread" daemon [_thread_blocked, id=9440, stack(0x00000000097f0000,0x00000000098f0000)]
  0x0000000008090000 JavaThread "C2 CompilerThread1" daemon [_thread_blocked, id=11440, stack(0x00000000096f0000,0x00000000097f0000)]
=>0x000000000808e000 JavaThread "C2 CompilerThread0" daemon [_thread_in_native, id=13092, stack(0x00000000095f0000,0x00000000096f0000)]
  0x000000000808d000 JavaThread "Attach Listener" daemon [_thread_blocked, id=11892, stack(0x00000000094f0000,0x00000000095f0000)]
  0x000000000808a000 JavaThread "Signal Dispatcher" daemon [_thread_blocked, id=5348, stack(0x00000000093f0000,0x00000000094f0000)]
  0x000000000804a000 JavaThread "Finalizer" daemon [_thread_blocked, id=8408, stack(0x00000000092f0000,0x00000000093f0000)]
  0x0000000008047000 JavaThread "Reference Handler" daemon [_thread_blocked, id=14252, stack(0x00000000091f0000,0x00000000092f0000)]
  0x00000000020f2800 JavaThread "main" [_thread_in_Java, id=7760, stack(0x0000000001f20000,0x0000000002020000)]

Other Threads:
  0x0000000008043000 VMThread [stack: 0x00000000090f0000,0x00000000091f0000] [id=9636]
  0x00000000080ad800 WatcherThread [stack: 0x00000000098f0000,0x00000000099f0000] [id=11756]

VM state:not at safepoint (normal execution)

VM Mutex/Monitor currently owned by a thread: None

Heap
 PSYoungGen      total 38400K, used 22062K [0x00000000eaa80000, 0x00000000ef580000, 0x0000000100000000)
  eden space 33280K, 50% used [0x00000000eaa80000,0x00000000ebb11bb8,0x00000000ecb00000)
  from space 5120K, 99% used [0x00000000ecb00000,0x00000000ecff9c78,0x00000000ed000000)
  to   space 5120K, 0% used [0x00000000ef080000,0x00000000ef080000,0x00000000ef580000)
 ParOldGen       total 86016K, used 1583K [0x00000000c0000000, 0x00000000c5400000, 0x00000000eaa80000)
  object space 86016K, 1% used [0x00000000c0000000,0x00000000c018bd08,0x00000000c5400000)
 PSPermGen       total 21504K, used 5884K [0x00000000bae00000, 0x00000000bc300000, 0x00000000c0000000)
  object space 21504K, 27% used [0x00000000bae00000,0x00000000bb3bf138,0x00000000bc300000)

Card table byte_map: [0x00000000052b0000,0x00000000054e0000] byte_map_base: 0x0000000004cd9000

Polling page: 0x0000000002020000

Code Cache  [0x00000000021f0000, 0x0000000002460000, 0x00000000051f0000)
 total_blobs=573 nmethods=336 adapters=189 free_code_cache=47913Kb largest_free_block=49030912

Compilation events (10 events):
Event: 3.927 Thread 0x0000000008090000 nmethod 333 0x0000000002328d90 code [0x0000000002328f20, 0x00000000023296d8]
Event: 3.928 Thread 0x000000000808e000  334             com.android.dx.ssa.SsaMethod::getExitBlockIndex (5 bytes)
Event: 3.928 Thread 0x000000000808e000 nmethod 334 0x0000000002328b90 code [0x0000000002328cc0, 0x0000000002328d18]
Event: 3.931 Thread 0x0000000008090000  335             com.android.dx.ssa.SsaRenamer::setNameForSsaReg (54 bytes)
Event: 3.934 Thread 0x000000000808e000  336             com.android.dx.ssa.DeadCodeRemover::run (194 bytes)
Event: 3.938 Thread 0x0000000008090000 nmethod 335 0x0000000002316a50 code [0x0000000002316be0, 0x0000000002316fd0]
Event: 3.940 Thread 0x0000000008090000  337             com.android.dx.ssa.SsaMethod::getUseListForRegister (18 bytes)
Event: 3.941 Thread 0x0000000008090000 nmethod 337 0x000000000232a5d0 code [0x000000000232a720, 0x000000000232a7e8]
Event: 3.944 Thread 0x0000000008090000  338             com.android.dx.rop.code.LocalItem::compareHandlesNulls (25 bytes)
Event: 3.945 Thread 0x0000000008090000 nmethod 338 0x000000000232a190 code [0x000000000232a2c0, 0x000000000232a418]

GC Heap History (2 events):
Event: 2.500 GC heap before
{Heap before GC invocations=1 (full 0):
 PSYoungGen      total 38400K, used 33280K [0x00000000eaa80000, 0x00000000ed500000, 0x0000000100000000)
  eden space 33280K, 100% used [0x00000000eaa80000,0x00000000ecb00000,0x00000000ecb00000)
  from space 5120K, 0% used [0x00000000ed000000,0x00000000ed000000,0x00000000ed500000)
  to   space 5120K, 0% used [0x00000000ecb00000,0x00000000ecb00000,0x00000000ed000000)
 ParOldGen       total 86016K, used 0K [0x00000000c0000000, 0x00000000c5400000, 0x00000000eaa80000)
  object space 86016K, 0% used [0x00000000c0000000,0x00000000c0000000,0x00000000c5400000)
 PSPermGen       total 21504K, used 5832K [0x00000000bae00000, 0x00000000bc300000, 0x00000000c0000000)
  object space 21504K, 27% used [0x00000000bae00000,0x00000000bb3b2030,0x00000000bc300000)
Event: 2.752 GC heap after
Heap after GC invocations=1 (full 0):
 PSYoungGen      total 38400K, used 5095K [0x00000000eaa80000, 0x00000000ef580000, 0x0000000100000000)
  eden space 33280K, 0% used [0x00000000eaa80000,0x00000000eaa80000,0x00000000ecb00000)
  from space 5120K, 99% used [0x00000000ecb00000,0x00000000ecff9c78,0x00000000ed000000)
  to   space 5120K, 0% used [0x00000000ef080000,0x00000000ef080000,0x00000000ef580000)
 ParOldGen       total 86016K, used 1583K [0x00000000c0000000, 0x00000000c5400000, 0x00000000eaa80000)
  object space 86016K, 1% used [0x00000000c0000000,0x00000000c018bd08,0x00000000c5400000)
 PSPermGen       total 21504K, used 5832K [0x00000000bae00000, 0x00000000bc300000, 0x00000000c0000000)
  object space 21504K, 27% used [0x00000000bae00000,0x00000000bb3b2030,0x00000000bc300000)
}

Deoptimization events (10 events):
Event: 1.998 Thread 0x0000000009b0e800 Uncommon trap: reason=unstable_if action=reinterpret pc=0x000000000227e784 method=com.android.dx.rop.code.RegisterSpec.equals(ILcom/android/dx/rop/type/TypeBearer;Lcom/android/dx/rop/code/LocalItem;)Z @ 42
Event: 2.364 Thread 0x0000000009a85800 Uncommon trap: reason=class_check action=maybe_recompile pc=0x00000000022922e0 method=com.android.dx.rop.type.Type.equals(Ljava/lang/Object;)Z @ 8
Event: 2.365 Thread 0x0000000009a85800 Uncommon trap: reason=class_check action=maybe_recompile pc=0x00000000022922e0 method=com.android.dx.rop.type.Type.equals(Ljava/lang/Object;)Z @ 8
Event: 2.365 Thread 0x0000000009a85800 Uncommon trap: reason=class_check action=maybe_recompile pc=0x00000000022922e0 method=com.android.dx.rop.type.Type.equals(Ljava/lang/Object;)Z @ 8
Event: 2.391 Thread 0x0000000009b0e800 Uncommon trap: reason=class_check action=maybe_recompile pc=0x00000000022922e0 method=com.android.dx.rop.type.Type.equals(Ljava/lang/Object;)Z @ 8
Event: 3.120 Thread 0x0000000009b0e800 Uncommon trap: reason=uninitialized action=reinterpret pc=0x00000000022fba58 method=com.android.dx.cf.code.BytecodeArray.parseInstruction(ILcom/android/dx/cf/code/BytecodeArray$Visitor;)I @ 1047
Event: 3.484 Thread 0x00000000020f2800 Uncommon trap: reason=unstable_if action=reinterpret pc=0x00000000022da36c method=com.android.dx.ssa.SCCP.simulateStmt(Lcom/android/dx/ssa/SsaInsn;)V @ 53
Event: 3.542 Thread 0x00000000020f2800 Uncommon trap: reason=bimorphic action=maybe_recompile pc=0x00000000022df5b4 method=com.android.dx.cf.code.BaseMachine.getLocalTarget(Z)Lcom/android/dx/rop/code/RegisterSpec; @ 70
Event: 3.542 Thread 0x00000000020f2800 Uncommon trap: reason=bimorphic action=maybe_recompile pc=0x00000000022df5b4 method=com.android.dx.cf.code.BaseMachine.getLocalTarget(Z)Lcom/android/dx/rop/code/RegisterSpec; @ 70
Event: 3.912 Thread 0x00000000020f2800 Uncommon trap: reason=bimorphic action=maybe_recompile pc=0x00000000022df5b4 method=com.android.dx.cf.code.BaseMachine.getLocalTarget(Z)Lcom/android/dx/rop/code/RegisterSpec; @ 70

Internal exceptions (10 events):
Event: 0.982 Thread 0x0000000009b12000 Threw 0x00000000eb515720 at C:\re\jdk7u80\2329\hotspot\src\share\vm\prims\jvm.cpp:1319
Event: 0.991 Thread 0x00000000020f2800 Threw 0x00000000eb5be988 at C:\re\jdk7u80\2329\hotspot\src\share\vm\prims\jvm.cpp:1319
Event: 1.137 Thread 0x0000000009a85800 Threw 0x00000000eb6cdc90 at C:\re\jdk7u80\2329\hotspot\src\share\vm\prims\jvm.cpp:1319
Event: 1.232 Thread 0x0000000009b0e800 Implicit null exception at 0x000000000226e55b to 0x000000000226e8a1
Event: 1.238 Thread 0x00000000020f2800 Threw 0x00000000eb994e88 at C:\re\jdk7u80\2329\hotspot\src\share\vm\prims\jvm.cpp:1319
Event: 2.283 Thread 0x00000000020f2800 Threw 0x00000000ec688c68 at C:\re\jdk7u80\2329\hotspot\src\share\vm\prims\jvm.cpp:1319
Event: 2.284 Thread 0x00000000020f2800 Threw 0x00000000ec68b0b8 at C:\re\jdk7u80\2329\hotspot\src\share\vm\prims\jvm.cpp:1319
Event: 3.909 Thread 0x0000000009a85800 Threw 0x00000000eb8d67b8 at C:\re\jdk7u80\2329\hotspot\src\share\vm\prims\jvm.cpp:1319
Event: 3.909 Thread 0x0000000009a85800 Threw 0x00000000eb8dbda8 at C:\re\jdk7u80\2329\hotspot\src\share\vm\prims\jvm.cpp:1319
Event: 3.910 Thread 0x0000000009a85800 Threw 0x00000000eb8e1138 at C:\re\jdk7u80\2329\hotspot\src\share\vm\prims\jvm.cpp:1319

Events (10 events):
Event: 3.879 Thread 0x0000000008090000 flushing nmethod 0x0000000002254f90
Event: 3.909 loading class 0x0000000009b118c0
Event: 3.909 loading class 0x0000000009b118c0 done
Event: 3.909 loading class 0x0000000009c28830
Event: 3.909 loading class 0x0000000009c28830 done
Event: 3.910 loading class 0x0000000009c28870
Event: 3.910 loading class 0x0000000009c28870 done
Event: 3.912 Thread 0x00000000020f2800 Uncommon trap: trap_request=0xffffffc6 fr.pc=0x00000000022df5b4
Event: 3.912 Thread 0x00000000020f2800 DEOPT PACKING pc=0x00000000022df5b4 sp=0x000000000201e760
Event: 3.912 Thread 0x00000000020f2800 DEOPT UNPACKING pc=0x00000000022275a4 sp=0x000000000201e698 mode 2


Dynamic libraries:
0x00007ff781e30000 - 0x00007ff781e63000 	C:\Program Files\Java\jdk1.7.0_80\bin\java.exe
0x00007ffb929a0000 - 0x00007ffb92b61000 	C:\WINDOWS\SYSTEM32\ntdll.dll
0x00007ffb8fec0000 - 0x00007ffb8ff6d000 	C:\WINDOWS\system32\KERNEL32.DLL
0x00007ffb8f470000 - 0x00007ffb8f658000 	C:\WINDOWS\system32\KERNELBASE.dll
0x00007ffb90d90000 - 0x00007ffb90e37000 	C:\WINDOWS\system32\ADVAPI32.dll
0x00007ffb90690000 - 0x00007ffb9072d000 	C:\WINDOWS\system32\msvcrt.dll
0x00007ffb8fe00000 - 0x00007ffb8fe5b000 	C:\WINDOWS\system32\sechost.dll
0x00007ffb92880000 - 0x00007ffb9299c000 	C:\WINDOWS\system32\RPCRT4.dll
0x00007ffb90e40000 - 0x00007ffb90f96000 	C:\WINDOWS\system32\USER32.dll
0x00007ffb90500000 - 0x00007ffb90686000 	C:\WINDOWS\system32\GDI32.dll
0x00007ffb85830000 - 0x00007ffb85aa4000 	C:\WINDOWS\WinSxS\amd64_microsoft.windows.common-controls_6595b64144ccf1df_6.0.10586.0_none_8c15ae12515e1c22\COMCTL32.dll
0x00007ffb90730000 - 0x00007ffb909ad000 	C:\WINDOWS\system32\combase.dll
0x00007ffb8f400000 - 0x00007ffb8f46a000 	C:\WINDOWS\system32\bcryptPrimitives.dll
0x00007ffb8fe60000 - 0x00007ffb8fe9b000 	C:\WINDOWS\system32\IMM32.DLL
0x0000000077aa0000 - 0x0000000077b72000 	C:\Program Files\Java\jdk1.7.0_80\jre\bin\msvcr100.dll
0x0000000076520000 - 0x0000000076cf9000 	C:\Program Files\Java\jdk1.7.0_80\jre\bin\server\jvm.dll
0x00007ffb90d80000 - 0x00007ffb90d88000 	C:\WINDOWS\system32\PSAPI.DLL
0x00007ffb808d0000 - 0x00007ffb808d9000 	C:\WINDOWS\SYSTEM32\WSOCK32.dll
0x00007ffb91010000 - 0x00007ffb9107b000 	C:\WINDOWS\system32\WS2_32.dll
0x00007ffb8d700000 - 0x00007ffb8d723000 	C:\WINDOWS\SYSTEM32\WINMM.dll
0x00007ffb8d6a0000 - 0x00007ffb8d6cc000 	C:\WINDOWS\SYSTEM32\winmmbase.dll
0x00007ffb8f050000 - 0x00007ffb8f093000 	C:\WINDOWS\system32\cfgmgr32.dll
0x0000000050030000 - 0x000000005003f000 	C:\Program Files\Java\jdk1.7.0_80\jre\bin\verify.dll
0x0000000050000000 - 0x0000000050028000 	C:\Program Files\Java\jdk1.7.0_80\jre\bin\java.dll
0x0000000077a80000 - 0x0000000077a96000 	C:\Program Files\Java\jdk1.7.0_80\jre\bin\zip.dll
0x0000000077a60000 - 0x0000000077a7a000 	C:\Program Files\Java\jdk1.7.0_80\jre\bin\net.dll
0x00007ffb8e890000 - 0x00007ffb8e8ec000 	C:\WINDOWS\system32\mswsock.dll
0x0000000077a40000 - 0x0000000077a51000 	C:\Program Files\Java\jdk1.7.0_80\jre\bin\nio.dll

VM Arguments:
jvm_args: -Djava.awt.headless=true -Xmx1024M -Dfile.encoding=windows-1252 -Duser.country=MX -Duser.language=es -Duser.variant 
java_command: com.android.dx.command.Main --dex --force-jumbo --num-threads=4 --multi-dex --output C:\pokeapi\app\build\intermediates\transforms\dex\debug\folders\1000\10\com.android.support-recyclerview-v7-23.4.0_f308f5cb95fb69bd351b848f675555b15cd82080 C:\pokeapi\app\build\intermediates\exploded-aar\com.android.support\recyclerview-v7\23.4.0\jars\classes.jar
Launcher Type: SUN_STANDARD

Environment Variables:
JAVA_HOME=C:\Program Files (x86)\Java\jdk1.8.0_73
USERNAME=Iván
OS=Windows_NT
PROCESSOR_IDENTIFIER=Intel64 Family 6 Model 58 Stepping 9, GenuineIntel



---------------  S Y S T E M  ---------------

OS: Windows 8.1 , 64 bit Build 9600 

CPU:total 4 (2 cores per cpu, 2 threads per core) family 6 model 58 stepping 9, cmov, cx8, fxsr, mmx, sse, sse2, sse3, ssse3, sse4.1, sse4.2, popcnt, avx, aes, erms, ht, tsc, tscinvbit, tscinv

Memory: 4k page, physical 8267032k(907656k free), swap 16529688k(5184k free)

vm_info: Java HotSpot(TM) 64-Bit Server VM (24.80-b11) for windows-amd64 JRE (1.7.0_80-b15), built on Apr 10 2015 11:26:34 by "java_re" with unknown MS VC++:1600

time: Sun Jun 12 23:48:14 2016
elapsed time: 3 seconds

