#
# There is insufficient memory for the Java Runtime Environment to continue.
# Native memory allocation (malloc) failed to allocate 1522576 bytes for Chunk::new
# Possible reasons:
#   The system is out of physical RAM or swap space
#   In 32 bit mode, the process size limit was hit
# Possible solutions:
#   Reduce memory load on the system
#   Increase physical memory or swap space
#   Check if swap backing store is full
#   Use 64 bit Java on a 64 bit OS
#   Decrease Java heap size (-Xmx/-Xms)
#   Decrease number of Java threads
#   Decrease Java thread stack sizes (-Xss)
#   Set larger code cache with -XX:ReservedCodeCacheSize=
# This output file may be truncated or incomplete.
#
#  Out of Memory Error (allocation.cpp:323), pid=14720, tid=13244
#
# JRE version: Java(TM) SE Runtime Environment (7.0_80-b15) (build 1.7.0_80-b15)
# Java VM: Java HotSpot(TM) 64-Bit Server VM (24.80-b11 mixed mode windows-amd64 compressed oops)
# Failed to write core dump. Minidumps are not enabled by default on client versions of Windows
#

---------------  T H R E A D  ---------------

Current thread (0x000000000810e000):  JavaThread "C2 CompilerThread0" daemon [_thread_in_native, id=13244, stack(0x0000000009690000,0x0000000009790000)]

Stack: [0x0000000009690000,0x0000000009790000]

Current CompileTask:
C2:   3498  515   !         com.android.dx.cf.code.BytecodeArray::parseInstruction (2764 bytes)


---------------  P R O C E S S  ---------------

Java Threads: ( => current thread )
  0x0000000009c34800 JavaThread "pool-2-thread-4" [_thread_in_vm, id=10916, stack(0x000000000a290000,0x000000000a390000)]
  0x0000000009bb8800 JavaThread "pool-2-thread-3" [_thread_in_Java, id=7392, stack(0x000000000a190000,0x000000000a290000)]
  0x0000000009bb8000 JavaThread "pool-2-thread-2" [_thread_in_vm, id=9988, stack(0x000000000a090000,0x000000000a190000)]
  0x0000000009b37800 JavaThread "pool-3-thread-1" [_thread_blocked, id=14956, stack(0x0000000009f90000,0x000000000a090000)]
  0x0000000009c24000 JavaThread "pool-2-thread-1" [_thread_in_Java, id=5180, stack(0x0000000009e90000,0x0000000009f90000)]
  0x000000000811f800 JavaThread "Service Thread" daemon [_thread_blocked, id=932, stack(0x0000000009890000,0x0000000009990000)]
  0x000000000811d000 JavaThread "C2 CompilerThread1" daemon [_thread_in_native, id=10384, stack(0x0000000009790000,0x0000000009890000)]
=>0x000000000810e000 JavaThread "C2 CompilerThread0" daemon [_thread_in_native, id=13244, stack(0x0000000009690000,0x0000000009790000)]
  0x000000000810d000 JavaThread "Attach Listener" daemon [_thread_blocked, id=10672, stack(0x0000000009590000,0x0000000009690000)]
  0x000000000810a000 JavaThread "Signal Dispatcher" daemon [_thread_blocked, id=1232, stack(0x0000000009490000,0x0000000009590000)]
  0x00000000080ca000 JavaThread "Finalizer" daemon [_thread_blocked, id=13536, stack(0x0000000009390000,0x0000000009490000)]
  0x00000000080c7000 JavaThread "Reference Handler" daemon [_thread_blocked, id=11320, stack(0x0000000009290000,0x0000000009390000)]
  0x0000000002232800 JavaThread "main" [_thread_in_Java, id=468, stack(0x0000000002130000,0x0000000002230000)]

Other Threads:
  0x00000000080c3000 VMThread [stack: 0x0000000009190000,0x0000000009290000] [id=11360]
  0x000000000812d800 WatcherThread [stack: 0x0000000009990000,0x0000000009a90000] [id=5356]

VM state:not at safepoint (normal execution)

VM Mutex/Monitor currently owned by a thread: None

Heap
 PSYoungGen      total 71680K, used 29574K [0x00000000eaa80000, 0x00000000ef580000, 0x0000000100000000)
  eden space 66560K, 36% used [0x00000000eaa80000,0x00000000ec269800,0x00000000eeb80000)
  from space 5120K, 99% used [0x00000000ef080000,0x00000000ef578288,0x00000000ef580000)
  to   space 5120K, 0% used [0x00000000eeb80000,0x00000000eeb80000,0x00000000ef080000)
 ParOldGen       total 86016K, used 18534K [0x00000000c0000000, 0x00000000c5400000, 0x00000000eaa80000)
  object space 86016K, 21% used [0x00000000c0000000,0x00000000c1219aa0,0x00000000c5400000)
 PSPermGen       total 21504K, used 5989K [0x00000000bae00000, 0x00000000bc300000, 0x00000000c0000000)
  object space 21504K, 27% used [0x00000000bae00000,0x00000000bb3d95f8,0x00000000bc300000)

Card table byte_map: [0x0000000005330000,0x0000000005560000] byte_map_base: 0x0000000004d59000

Polling page: 0x00000000001f0000

Code Cache  [0x0000000002330000, 0x00000000025a0000, 0x0000000005330000)
 total_blobs=749 nmethods=512 adapters=189 free_code_cache=47103Kb largest_free_block=48204992

Compilation events (10 events):
Event: 3.381 Thread 0x000000000810e000 nmethod 512 0x0000000002516290 code [0x00000000025163c0, 0x0000000002516498]
Event: 3.382 Thread 0x000000000810e000  514             com.android.dx.util.IntList::makeImmutable (20 bytes)
Event: 3.383 Thread 0x000000000810e000 nmethod 514 0x0000000002518050 code [0x00000000025181a0, 0x0000000002518318]
Event: 3.383 Thread 0x000000000810e000  515   !         com.android.dx.cf.code.BytecodeArray::parseInstruction (2764 bytes)
Event: 3.393 Thread 0x000000000811d000 nmethod 508 0x0000000002533cd0 code [0x0000000002533e80, 0x00000000025346f8]
Event: 3.393 Thread 0x000000000811d000  516             com.android.dx.ssa.SCCP::setLatticeValueTo (67 bytes)
Event: 3.395 Thread 0x000000000811d000 nmethod 516 0x0000000002535390 code [0x00000000025354e0, 0x00000000025356f8]
Event: 3.395 Thread 0x000000000811d000  517             com.android.dx.cf.direct.DirectClassFile::parseToInterfacesIfNecessary (13 bytes)
Event: 3.396 Thread 0x000000000811d000 nmethod 517 0x0000000002533a10 code [0x0000000002533b60, 0x0000000002533be8]
Event: 3.396 Thread 0x000000000811d000  518   !         com.android.dx.cf.code.Ropper::processBlock (1101 bytes)

GC Heap History (8 events):
Event: 1.316 GC heap before
{Heap before GC invocations=1 (full 0):
 PSYoungGen      total 38400K, used 33280K [0x00000000eaa80000, 0x00000000ed500000, 0x0000000100000000)
  eden space 33280K, 100% used [0x00000000eaa80000,0x00000000ecb00000,0x00000000ecb00000)
  from space 5120K, 0% used [0x00000000ed000000,0x00000000ed000000,0x00000000ed500000)
  to   space 5120K, 0% used [0x00000000ecb00000,0x00000000ecb00000,0x00000000ed000000)
 ParOldGen       total 86016K, used 1820K [0x00000000c0000000, 0x00000000c5400000, 0x00000000eaa80000)
  object space 86016K, 2% used [0x00000000c0000000,0x00000000c01c71d0,0x00000000c5400000)
 PSPermGen       total 21504K, used 5852K [0x00000000bae00000, 0x00000000bc300000, 0x00000000c0000000)
  object space 21504K, 27% used [0x00000000bae00000,0x00000000bb3b72d0,0x00000000bc300000)
Event: 1.325 GC heap after
Heap after GC invocations=1 (full 0):
 PSYoungGen      total 38400K, used 5089K [0x00000000eaa80000, 0x00000000ed500000, 0x0000000100000000)
  eden space 33280K, 0% used [0x00000000eaa80000,0x00000000eaa80000,0x00000000ecb00000)
  from space 5120K, 99% used [0x00000000ecb00000,0x00000000ecff8568,0x00000000ed000000)
  to   space 5120K, 0% used [0x00000000ed000000,0x00000000ed000000,0x00000000ed500000)
 ParOldGen       total 86016K, used 2964K [0x00000000c0000000, 0x00000000c5400000, 0x00000000eaa80000)
  object space 86016K, 3% used [0x00000000c0000000,0x00000000c02e5090,0x00000000c5400000)
 PSPermGen       total 21504K, used 5852K [0x00000000bae00000, 0x00000000bc300000, 0x00000000c0000000)
  object space 21504K, 27% used [0x00000000bae00000,0x00000000bb3b72d0,0x00000000bc300000)
}
Event: 2.087 GC heap before
{Heap before GC invocations=2 (full 0):
 PSYoungGen      total 38400K, used 38369K [0x00000000eaa80000, 0x00000000ed500000, 0x0000000100000000)
  eden space 33280K, 100% used [0x00000000eaa80000,0x00000000ecb00000,0x00000000ecb00000)
  from space 5120K, 99% used [0x00000000ecb00000,0x00000000ecff8568,0x00000000ed000000)
  to   space 5120K, 0% used [0x00000000ed000000,0x00000000ed000000,0x00000000ed500000)
 ParOldGen       total 86016K, used 2966K [0x00000000c0000000, 0x00000000c5400000, 0x00000000eaa80000)
  object space 86016K, 3% used [0x00000000c0000000,0x00000000c02e5a58,0x00000000c5400000)
 PSPermGen       total 21504K, used 5928K [0x00000000bae00000, 0x00000000bc300000, 0x00000000c0000000)
  object space 21504K, 27% used [0x00000000bae00000,0x00000000bb3ca178,0x00000000bc300000)
Event: 2.105 GC heap after
Heap after GC invocations=2 (full 0):
 PSYoungGen      total 38400K, used 5096K [0x00000000eaa80000, 0x00000000ef580000, 0x0000000100000000)
  eden space 33280K, 0% used [0x00000000eaa80000,0x00000000eaa80000,0x00000000ecb00000)
  from space 5120K, 99% used [0x00000000ed000000,0x00000000ed4fa378,0x00000000ed500000)
  to   space 5120K, 0% used [0x00000000ecb00000,0x00000000ecb00000,0x00000000ed000000)
 ParOldGen       total 86016K, used 7834K [0x00000000c0000000, 0x00000000c5400000, 0x00000000eaa80000)
  object space 86016K, 9% used [0x00000000c0000000,0x00000000c07a6bc8,0x00000000c5400000)
 PSPermGen       total 21504K, used 5928K [0x00000000bae00000, 0x00000000bc300000, 0x00000000c0000000)
  object space 21504K, 27% used [0x00000000bae00000,0x00000000bb3ca178,0x00000000bc300000)
}
Event: 2.685 GC heap before
{Heap before GC invocations=3 (full 0):
 PSYoungGen      total 38400K, used 38376K [0x00000000eaa80000, 0x00000000ef580000, 0x0000000100000000)
  eden space 33280K, 100% used [0x00000000eaa80000,0x00000000ecb00000,0x00000000ecb00000)
  from space 5120K, 99% used [0x00000000ed000000,0x00000000ed4fa378,0x00000000ed500000)
  to   space 5120K, 0% used [0x00000000ecb00000,0x00000000ecb00000,0x00000000ed000000)
 ParOldGen       total 86016K, used 7834K [0x00000000c0000000, 0x00000000c5400000, 0x00000000eaa80000)
  object space 86016K, 9% used [0x00000000c0000000,0x00000000c07a6bc8,0x00000000c5400000)
 PSPermGen       total 21504K, used 5955K [0x00000000bae00000, 0x00000000bc300000, 0x00000000c0000000)
  object space 21504K, 27% used [0x00000000bae00000,0x00000000bb3d0c30,0x00000000bc300000)
Event: 2.707 GC heap after
Heap after GC invocations=3 (full 0):
 PSYoungGen      total 38400K, used 5110K [0x00000000eaa80000, 0x00000000ef580000, 0x0000000100000000)
  eden space 33280K, 0% used [0x00000000eaa80000,0x00000000eaa80000,0x00000000ecb00000)
  from space 5120K, 99% used [0x00000000ecb00000,0x00000000ecffda38,0x00000000ed000000)
  to   space 5120K, 0% used [0x00000000ef080000,0x00000000ef080000,0x00000000ef580000)
 ParOldGen       total 86016K, used 13056K [0x00000000c0000000, 0x00000000c5400000, 0x00000000eaa80000)
  object space 86016K, 15% used [0x00000000c0000000,0x00000000c0cc0378,0x00000000c5400000)
 PSPermGen       total 21504K, used 5955K [0x00000000bae00000, 0x00000000bc300000, 0x00000000c0000000)
  object space 21504K, 27% used [0x00000000bae00000,0x00000000bb3d0c30,0x00000000bc300000)
}
Event: 3.167 GC heap before
{Heap before GC invocations=4 (full 0):
 PSYoungGen      total 38400K, used 38390K [0x00000000eaa80000, 0x00000000ef580000, 0x0000000100000000)
  eden space 33280K, 100% used [0x00000000eaa80000,0x00000000ecb00000,0x00000000ecb00000)
  from space 5120K, 99% used [0x00000000ecb00000,0x00000000ecffda38,0x00000000ed000000)
  to   space 5120K, 0% used [0x00000000ef080000,0x00000000ef080000,0x00000000ef580000)
 ParOldGen       total 86016K, used 13056K [0x00000000c0000000, 0x00000000c5400000, 0x00000000eaa80000)
  object space 86016K, 15% used [0x00000000c0000000,0x00000000c0cc0378,0x00000000c5400000)
 PSPermGen       total 21504K, used 5982K [0x00000000bae00000, 0x00000000bc300000, 0x00000000c0000000)
  object space 21504K, 27% used [0x00000000bae00000,0x00000000bb3d7b88,0x00000000bc300000)
Event: 3.199 GC heap after
Heap after GC invocations=4 (full 0):
 PSYoungGen      total 71680K, used 5088K [0x00000000eaa80000, 0x00000000ef580000, 0x0000000100000000)
  eden space 66560K, 0% used [0x00000000eaa80000,0x00000000eaa80000,0x00000000eeb80000)
  from space 5120K, 99% used [0x00000000ef080000,0x00000000ef578288,0x00000000ef580000)
  to   space 5120K, 0% used [0x00000000eeb80000,0x00000000eeb80000,0x00000000ef080000)
 ParOldGen       total 86016K, used 18534K [0x00000000c0000000, 0x00000000c5400000, 0x00000000eaa80000)
  object space 86016K, 21% used [0x00000000c0000000,0x00000000c1219aa0,0x00000000c5400000)
 PSPermGen       total 21504K, used 5982K [0x00000000bae00000, 0x00000000bc300000, 0x00000000c0000000)
  object space 21504K, 27% used [0x00000000bae00000,0x00000000bb3d7b88,0x00000000bc300000)
}

Deoptimization events (10 events):
Event: 2.520 Thread 0x0000000002232800 Uncommon trap: reason=unstable_if action=reinterpret pc=0x00000000024aabc4 method=java.util.BitSet.ensureCapacity(I)V @ 6
Event: 2.521 Thread 0x0000000009bb8800 Uncommon trap: reason=bimorphic action=maybe_recompile pc=0x000000000246d44c method=com.android.dx.cf.code.BytecodeArray.parseInstruction(ILcom/android/dx/cf/code/BytecodeArray$Visitor;)I @ 939
Event: 2.530 Thread 0x0000000009bb8800 Uncommon trap: reason=bimorphic action=maybe_recompile pc=0x000000000246d44c method=com.android.dx.cf.code.BytecodeArray.parseInstruction(ILcom/android/dx/cf/code/BytecodeArray$Visitor;)I @ 939
Event: 2.531 Thread 0x0000000009bb8800 Uncommon trap: reason=bimorphic action=maybe_recompile pc=0x000000000246d44c method=com.android.dx.cf.code.BytecodeArray.parseInstruction(ILcom/android/dx/cf/code/BytecodeArray$Visitor;)I @ 939
Event: 2.775 Thread 0x0000000009bb8000 Uncommon trap: reason=unstable_if action=reinterpret pc=0x000000000247cf48 method=com.android.dx.ssa.LiteralOpUpgrader$1.visitNonMoveInsn(Lcom/android/dx/ssa/NormalSsaInsn;)V @ 55
Event: 2.787 Thread 0x0000000009c34800 Uncommon trap: reason=unstable_if action=reinterpret pc=0x00000000024c8d4c method=java.util.BitSet.ensureCapacity(I)V @ 6
Event: 3.378 Thread 0x0000000009c34800 Uncommon trap: reason=null_check action=make_not_entrant pc=0x000000000251b91c method=com.android.dx.dex.file.FieldIdsSection.intern(Lcom/android/dx/rop/cst/CstFieldRef;)Lcom/android/dx/dex/file/FieldIdItem; @ 26
Event: 3.461 Thread 0x0000000009bb8800 Uncommon trap: reason=class_check action=maybe_recompile pc=0x0000000002522df4 method=com.android.dx.rop.code.RegisterSpec.withSimpleType()Lcom/android/dx/rop/code/RegisterSpec; @ 21
Event: 3.461 Thread 0x0000000009bb8800 Uncommon trap: reason=class_check action=maybe_recompile pc=0x0000000002522df4 method=com.android.dx.rop.code.RegisterSpec.withSimpleType()Lcom/android/dx/rop/code/RegisterSpec; @ 21
Event: 3.475 Thread 0x0000000002232800 Uncommon trap: reason=class_check action=maybe_recompile pc=0x0000000002522df4 method=com.android.dx.rop.code.RegisterSpec.withSimpleType()Lcom/android/dx/rop/code/RegisterSpec; @ 21

Internal exceptions (10 events):
Event: 0.735 Thread 0x0000000009bb8000 Threw 0x00000000eb7efee0 at C:\re\jdk7u80\2329\hotspot\src\share\vm\prims\jvm.cpp:1319
Event: 0.746 Thread 0x0000000009bb8000 Threw 0x00000000eb815a70 at C:\re\jdk7u80\2329\hotspot\src\share\vm\prims\jvm.cpp:1319
Event: 0.839 Thread 0x0000000002232800 Implicit null exception at 0x00000000023b26c5 to 0x00000000023b2895
Event: 0.851 Thread 0x0000000002232800 Threw 0x00000000ebeb51b8 at C:\re\jdk7u80\2329\hotspot\src\share\vm\prims\jvm.cpp:1319
Event: 0.885 Thread 0x0000000002232800 Threw 0x00000000ebec5fb8 at C:\re\jdk7u80\2329\hotspot\src\share\vm\prims\jvm.cpp:1319
Event: 1.300 Thread 0x0000000009bb8800 Implicit null exception at 0x00000000023f0010 to 0x00000000023f1305
Event: 1.429 Thread 0x0000000002232800 Threw 0x00000000eb117068 at C:\re\jdk7u80\2329\hotspot\src\share\vm\prims\jvm.cpp:1319
Event: 1.548 Thread 0x0000000002232800 Implicit null exception at 0x0000000002406333 to 0x000000000240698d
Event: 2.414 Thread 0x0000000002232800 Threw 0x00000000ebbbcad8 at C:\re\jdk7u80\2329\hotspot\src\share\vm\prims\jvm.cpp:1319
Event: 2.776 Thread 0x0000000009bb8000 Threw 0x00000000eae8aea0 at C:\re\jdk7u80\2329\hotspot\src\share\vm\prims\jvm.cpp:1319

Events (10 events):
Event: 3.378 Thread 0x0000000009c34800 DEOPT UNPACKING pc=0x00000000023675a4 sp=0x000000000a38ee98 mode 2
Event: 3.461 Thread 0x0000000009bb8800 Uncommon trap: trap_request=0xffffffde fr.pc=0x0000000002522df4
Event: 3.461 Thread 0x0000000009bb8800 DEOPT PACKING pc=0x0000000002522df4 sp=0x000000000a28eec0
Event: 3.461 Thread 0x0000000009bb8800 DEOPT UNPACKING pc=0x00000000023675a4 sp=0x000000000a28edc8 mode 2
Event: 3.461 Thread 0x0000000009bb8800 Uncommon trap: trap_request=0xffffffde fr.pc=0x0000000002522df4
Event: 3.461 Thread 0x0000000009bb8800 DEOPT PACKING pc=0x0000000002522df4 sp=0x000000000a28eec0
Event: 3.461 Thread 0x0000000009bb8800 DEOPT UNPACKING pc=0x00000000023675a4 sp=0x000000000a28edc8 mode 2
Event: 3.475 Thread 0x0000000002232800 Uncommon trap: trap_request=0xffffffde fr.pc=0x0000000002522df4
Event: 3.475 Thread 0x0000000002232800 DEOPT PACKING pc=0x0000000002522df4 sp=0x000000000222e750
Event: 3.475 Thread 0x0000000002232800 DEOPT UNPACKING pc=0x00000000023675a4 sp=0x000000000222e658 mode 2


Dynamic libraries:
0x00007ff781e30000 - 0x00007ff781e63000 	C:\Program Files\Java\jdk1.7.0_80\bin\java.exe
0x00007ffb929a0000 - 0x00007ffb92b61000 	C:\WINDOWS\SYSTEM32\ntdll.dll
0x00007ffb8fec0000 - 0x00007ffb8ff6d000 	C:\WINDOWS\system32\KERNEL32.DLL
0x00007ffb8f470000 - 0x00007ffb8f658000 	C:\WINDOWS\system32\KERNELBASE.dll
0x00007ffb90d90000 - 0x00007ffb90e37000 	C:\WINDOWS\system32\ADVAPI32.dll
0x00007ffb90690000 - 0x00007ffb9072d000 	C:\WINDOWS\system32\msvcrt.dll
0x00007ffb8fe00000 - 0x00007ffb8fe5b000 	C:\WINDOWS\system32\sechost.dll
0x00007ffb92880000 - 0x00007ffb9299c000 	C:\WINDOWS\system32\RPCRT4.dll
0x00007ffb90e40000 - 0x00007ffb90f96000 	C:\WINDOWS\system32\USER32.dll
0x00007ffb90500000 - 0x00007ffb90686000 	C:\WINDOWS\system32\GDI32.dll
0x00007ffb85830000 - 0x00007ffb85aa4000 	C:\WINDOWS\WinSxS\amd64_microsoft.windows.common-controls_6595b64144ccf1df_6.0.10586.0_none_8c15ae12515e1c22\COMCTL32.dll
0x00007ffb90730000 - 0x00007ffb909ad000 	C:\WINDOWS\system32\combase.dll
0x00007ffb8f400000 - 0x00007ffb8f46a000 	C:\WINDOWS\system32\bcryptPrimitives.dll
0x00007ffb8fe60000 - 0x00007ffb8fe9b000 	C:\WINDOWS\system32\IMM32.DLL
0x0000000077aa0000 - 0x0000000077b72000 	C:\Program Files\Java\jdk1.7.0_80\jre\bin\msvcr100.dll
0x0000000076520000 - 0x0000000076cf9000 	C:\Program Files\Java\jdk1.7.0_80\jre\bin\server\jvm.dll
0x00007ffb90d80000 - 0x00007ffb90d88000 	C:\WINDOWS\system32\PSAPI.DLL
0x00007ffb808d0000 - 0x00007ffb808d9000 	C:\WINDOWS\SYSTEM32\WSOCK32.dll
0x00007ffb91010000 - 0x00007ffb9107b000 	C:\WINDOWS\system32\WS2_32.dll
0x00007ffb8d700000 - 0x00007ffb8d723000 	C:\WINDOWS\SYSTEM32\WINMM.dll
0x00007ffb8d6a0000 - 0x00007ffb8d6cc000 	C:\WINDOWS\SYSTEM32\WINMMBASE.dll
0x00007ffb8f050000 - 0x00007ffb8f093000 	C:\WINDOWS\system32\cfgmgr32.dll
0x0000000050030000 - 0x000000005003f000 	C:\Program Files\Java\jdk1.7.0_80\jre\bin\verify.dll
0x0000000050000000 - 0x0000000050028000 	C:\Program Files\Java\jdk1.7.0_80\jre\bin\java.dll
0x0000000077a80000 - 0x0000000077a96000 	C:\Program Files\Java\jdk1.7.0_80\jre\bin\zip.dll
0x0000000077a60000 - 0x0000000077a7a000 	C:\Program Files\Java\jdk1.7.0_80\jre\bin\net.dll
0x00007ffb8e890000 - 0x00007ffb8e8ec000 	C:\WINDOWS\system32\mswsock.dll
0x0000000077a40000 - 0x0000000077a51000 	C:\Program Files\Java\jdk1.7.0_80\jre\bin\nio.dll

VM Arguments:
jvm_args: -Djava.awt.headless=true -Xmx1024M -Dfile.encoding=windows-1252 -Duser.country=MX -Duser.language=es -Duser.variant 
java_command: com.android.dx.command.Main --dex --force-jumbo --num-threads=4 --multi-dex --output C:\pokeapi\app\build\intermediates\transforms\dex\debug\folders\1000\10\com.android.support-appcompat-v7-23.4.0_052bcf86b7d6ced345fb941415be1c85239797bb C:\pokeapi\app\build\intermediates\exploded-aar\com.android.support\appcompat-v7\23.4.0\jars\classes.jar
Launcher Type: SUN_STANDARD

Environment Variables:
JAVA_HOME=C:\Program Files (x86)\Java\jdk1.8.0_73
USERNAME=Iván
OS=Windows_NT
PROCESSOR_IDENTIFIER=Intel64 Family 6 Model 58 Stepping 9, GenuineIntel



---------------  S Y S T E M  ---------------

OS: Windows 8.1 , 64 bit Build 9600 

CPU:total 4 (2 cores per cpu, 2 threads per core) family 6 model 58 stepping 9, cmov, cx8, fxsr, mmx, sse, sse2, sse3, ssse3, sse4.1, sse4.2, popcnt, avx, aes, erms, ht, tsc, tscinvbit, tscinv

Memory: 4k page, physical 8267032k(442812k free), swap 16529688k(5384k free)

vm_info: Java HotSpot(TM) 64-Bit Server VM (24.80-b11) for windows-amd64 JRE (1.7.0_80-b15), built on Apr 10 2015 11:26:34 by "java_re" with unknown MS VC++:1600

time: Sun Jun 12 13:00:25 2016
elapsed time: 3 seconds

